<?xml version="1.0" encoding="UTF-8"?>
<robot generator="Robot 7.4.1 (Python 3.14.3 on win32)" generated="2026-03-17T22:37:49.616086" rpa="false" schemaversion="5">
<suite id="s1" name="Log UAT" source="D:\663380022-3_3.2\Software_En\Project\current\PaiNamNaeWebAppSec2_6\test\sprint3\PBL_item1_UAT\Log_UAT.robot">
<test id="s1-t1" name="TC01-01 Login Admin And Filter Log By UserID" line="25">
<kw name="Open Main Page" owner="common-resource" type="SETUP">
<kw name="Create Directory" owner="OperatingSystem">
<msg time="2026-03-17T22:37:49.879735" level="INFO" html="true">Directory '&lt;a href="file://D:\663380022-3_3.2\Software_En\Project\current\PaiNamNaeWebAppSec2_6\test\sprint3\Resource\downloads"&gt;D:\663380022-3_3.2\Software_En\Project\current\PaiNamNaeWebAppSec2_6\test\sprint3\Resource\downloads&lt;/a&gt;' already exists.</msg>
<arg>${DOWNLOAD_PATH}</arg>
<doc>Creates the specified directory.</doc>
<status status="PASS" start="2026-03-17T22:37:49.879432" elapsed="0.000373"/>
</kw>
<kw name="Create Dictionary" owner="BuiltIn">
<msg time="2026-03-17T22:37:49.880340" level="INFO">${prefs} = {'download.default_directory': 'D:\\663380022-3_3.2\\Software_En\\Project\\current\\PaiNamNaeWebAppSec2_6\\test\\sprint3\\Resource\\downloads'}</msg>
<var>${prefs}</var>
<arg>download.default_directory=${DOWNLOAD_PATH}</arg>
<doc>Creates and returns a dictionary based on the given ``items``.</doc>
<status status="PASS" start="2026-03-17T22:37:49.879952" elapsed="0.000414"/>
</kw>
<kw name="Open Browser" owner="SeleniumLibrary">
<msg time="2026-03-17T22:37:49.880690" level="INFO">Opening browser 'chrome' to base url 'https://csse2669.cpkku.com'.</msg>
<arg>${URL}</arg>
<arg>${BROWSER}</arg>
<arg>options=add_experimental_option("prefs", ${prefs})</arg>
<doc>Opens a new browser instance to the optional ``url``.</doc>
<status status="PASS" start="2026-03-17T22:37:49.880479" elapsed="2.308384"/>
</kw>
<kw name="Maximize Browser Window" owner="SeleniumLibrary">
<doc>Maximizes current browser window.</doc>
<status status="PASS" start="2026-03-17T22:37:52.189109" elapsed="0.042060"/>
</kw>
<kw name="Set Selenium Speed" owner="SeleniumLibrary">
<arg>${DELAY}</arg>
<doc>Sets the delay that is waited after each Selenium command.</doc>
<status status="PASS" start="2026-03-17T22:37:52.231411" elapsed="0.000285"/>
</kw>
<doc>เปิดหน้าเว็บไซต์หลัก</doc>
<status status="PASS" start="2026-03-17T22:37:49.878853" elapsed="2.352926"/>
</kw>
<kw name="Go To Login Page" owner="common-resource">
<kw name="Click Go To Login Page" owner="common-resource">
<kw name="Sleep" owner="BuiltIn">
<msg time="2026-03-17T22:37:54.233092" level="INFO">Slept 2 seconds.</msg>
<arg>2</arg>
<doc>Pauses the test executed for the given time.</doc>
<status status="PASS" start="2026-03-17T22:37:52.232633" elapsed="2.000580"/>
</kw>
<kw name="Click Element" owner="SeleniumLibrary">
<msg time="2026-03-17T22:37:54.233732" level="INFO">Clicking element 'xpath=//a[@href="/login"]'.</msg>
<arg>xpath=//a[@href="/login"]</arg>
<doc>Click the element identified by ``locator``.</doc>
<status status="PASS" start="2026-03-17T22:37:54.233393" elapsed="0.064380"/>
</kw>
<status status="PASS" start="2026-03-17T22:37:52.232472" elapsed="2.065424"/>
</kw>
<kw name="Login Page Should Be Open" owner="common-resource">
<kw name="Wait Until Location Contains" owner="SeleniumLibrary">
<arg>${URL}/login</arg>
<arg>timeout=2s</arg>
<doc>Waits until the current URL contains ``expected``.</doc>
<status status="PASS" start="2026-03-17T22:37:54.298307" elapsed="0.026493"/>
</kw>
<kw name="Wait Until Element Is Visible" owner="SeleniumLibrary">
<arg>id=identifier</arg>
<arg>timeout=2s</arg>
<doc>Waits until the element ``locator`` is visible.</doc>
<status status="PASS" start="2026-03-17T22:37:54.325005" elapsed="0.015774"/>
</kw>
<kw name="Element Text Should Be" owner="SeleniumLibrary">
<msg time="2026-03-17T22:37:54.341197" level="INFO">Verifying element 'xpath=//main//h1' contains exact text 'เข้าสู่ระบบ'.</msg>
<arg>xpath=//main//h1</arg>
<arg>เข้าสู่ระบบ</arg>
<doc>Verifies that element ``locator`` contains exact the text ``expected``.</doc>
<status status="PASS" start="2026-03-17T22:37:54.340986" elapsed="0.018113"/>
</kw>
<status status="PASS" start="2026-03-17T22:37:54.298060" elapsed="0.061160"/>
</kw>
<doc>เปิดหน้าเข้าสู่ระบบ</doc>
<status status="PASS" start="2026-03-17T22:37:52.232208" elapsed="2.127061"/>
</kw>
<kw name="Login" owner="common-resource">
<kw name="Input Text" owner="SeleniumLibrary">
<msg time="2026-03-17T22:37:54.360285" level="INFO">Typing text 'AdminNokia' into text field 'id=identifier'.</msg>
<arg>id=identifier</arg>
<arg>${username}</arg>
<doc>Types the given ``text`` into the text field identified by ``locator``.</doc>
<status status="PASS" start="2026-03-17T22:37:54.360101" elapsed="0.060108"/>
</kw>
<kw name="Input Text" owner="SeleniumLibrary">
<msg time="2026-03-17T22:37:54.420712" level="INFO">Typing text 'adminnokia007xRovxMLBB' into text field 'id=password'.</msg>
<arg>id=password</arg>
<arg>${password}</arg>
<doc>Types the given ``text`` into the text field identified by ``locator``.</doc>
<status status="PASS" start="2026-03-17T22:37:54.420438" elapsed="0.056001"/>
</kw>
<kw name="Click Login Button" owner="common-resource">
<kw name="Click Button" owner="SeleniumLibrary">
<msg time="2026-03-17T22:37:54.477046" level="INFO">Clicking button 'เข้าสู่ระบบ'.</msg>
<arg>เข้าสู่ระบบ</arg>
<doc>Clicks the button identified by ``locator``.</doc>
<status status="PASS" start="2026-03-17T22:37:54.476888" elapsed="0.049206"/>
</kw>
<status status="PASS" start="2026-03-17T22:37:54.476657" elapsed="0.049558"/>
</kw>
<kw name="Sleep" owner="BuiltIn">
<msg time="2026-03-17T22:37:56.527113" level="INFO">Slept 2 seconds.</msg>
<arg>2s</arg>
<doc>Pauses the test executed for the given time.</doc>
<status status="PASS" start="2026-03-17T22:37:54.526345" elapsed="2.000890"/>
</kw>
<arg>${ADMIN_USERNAME}</arg>
<arg>${ADMIN_PASSWORD}</arg>
<doc>ลงทะเบียนผู้ใช้</doc>
<status status="PASS" start="2026-03-17T22:37:54.359732" elapsed="2.167598"/>
</kw>
<kw name="Admin Go To Log Page" owner="common-resource">
<kw name="Admin Click Dashboard" owner="common-resource">
<kw name="Hold Profile list" owner="common-resource">
<kw name="Scroll Element Into View" owner="SeleniumLibrary">
<arg>xpath=//div[contains(@class,"cursor-pointer")]</arg>
<doc>Scrolls the element identified by ``locator`` into view.</doc>
<status status="PASS" start="2026-03-17T22:37:56.528637" elapsed="0.275755"/>
</kw>
<status status="PASS" start="2026-03-17T22:37:56.528412" elapsed="0.276267"/>
</kw>
<kw name="Click Element" owner="SeleniumLibrary">
<msg time="2026-03-17T22:37:56.805130" level="INFO">Clicking element 'xpath=//a[@href="/admin/users"]'.</msg>
<arg>xpath=//a[@href="/admin/users"]</arg>
<doc>Click the element identified by ``locator``.</doc>
<status status="PASS" start="2026-03-17T22:37:56.804838" elapsed="0.040849"/>
</kw>
<kw name="Sleep" owner="BuiltIn">
<msg time="2026-03-17T22:37:58.846461" level="INFO">Slept 2 seconds.</msg>
<arg>2s</arg>
<doc>Pauses the test executed for the given time.</doc>
<status status="PASS" start="2026-03-17T22:37:56.845874" elapsed="2.000705"/>
</kw>
<status status="PASS" start="2026-03-17T22:37:56.528191" elapsed="2.318479"/>
</kw>
<kw name="Click Element" owner="SeleniumLibrary">
<msg time="2026-03-17T22:37:58.847027" level="INFO">Clicking element 'xpath=//a[@href="/admin/traffic-log"]'.</msg>
<arg>xpath=//a[@href="/admin/traffic-log"]</arg>
<doc>Click the element identified by ``locator``.</doc>
<status status="PASS" start="2026-03-17T22:37:58.846800" elapsed="0.046419"/>
</kw>
<kw name="Log Page Should Be Open" owner="common-resource">
<kw name="Wait Until Location Contains" owner="SeleniumLibrary">
<arg>${URL}/admin/traffic-log</arg>
<arg>timeout=2s</arg>
<doc>Waits until the current URL contains ``expected``.</doc>
<status status="PASS" start="2026-03-17T22:37:58.893679" elapsed="0.213913"/>
</kw>
<status status="PASS" start="2026-03-17T22:37:58.893439" elapsed="0.214299"/>
</kw>
<doc>เปิดหน้า log</doc>
<status status="PASS" start="2026-03-17T22:37:56.527774" elapsed="2.580010"/>
</kw>
<kw name="Admin Filter With ID" owner="common-resource">
<kw name="Wait Until Element Is Visible" owner="SeleniumLibrary">
<arg>id=userID</arg>
<arg>timeout=5s</arg>
<doc>Waits until the element ``locator`` is visible.</doc>
<status status="PASS" start="2026-03-17T22:37:59.108450" elapsed="0.013480"/>
</kw>
<kw name="Wait Until Element Is Enabled" owner="SeleniumLibrary">
<arg>id=userID</arg>
<arg>timeout=5s</arg>
<doc>Waits until the element ``locator`` is enabled.</doc>
<status status="PASS" start="2026-03-17T22:37:59.122121" elapsed="0.016553"/>
</kw>
<kw name="Input Text" owner="SeleniumLibrary">
<msg time="2026-03-17T22:37:59.139245" level="INFO">Typing text 'cmmaqoiy8000a23jry6jcccf5' into text field 'id=userID'.</msg>
<arg>id=userID</arg>
<arg>${userid}</arg>
<doc>Types the given ``text`` into the text field identified by ``locator``.</doc>
<status status="PASS" start="2026-03-17T22:37:59.138923" elapsed="0.071964"/>
</kw>
<kw name="Sleep" owner="BuiltIn">
<msg time="2026-03-17T22:38:01.213124" level="INFO">Slept 2 seconds.</msg>
<arg>2s</arg>
<doc>Pauses the test executed for the given time.</doc>
<status status="PASS" start="2026-03-17T22:37:59.211852" elapsed="2.001400"/>
</kw>
<arg>${TEST_USER_ID}</arg>
<status status="PASS" start="2026-03-17T22:37:59.108150" elapsed="2.105197"/>
</kw>
<kw name="Admin Click Filter Button" owner="common-resource">
<kw name="Click Button" owner="SeleniumLibrary">
<msg time="2026-03-17T22:38:01.214344" level="INFO">Clicking button 'id=applyFilters'.</msg>
<arg>id=applyFilters</arg>
<doc>Clicks the button identified by ``locator``.</doc>
<status status="PASS" start="2026-03-17T22:38:01.214058" elapsed="0.054781"/>
</kw>
<kw name="Sleep" owner="BuiltIn">
<msg time="2026-03-17T22:38:03.269888" level="INFO">Slept 2 seconds.</msg>
<arg>2s</arg>
<doc>Pauses the test executed for the given time.</doc>
<status status="PASS" start="2026-03-17T22:38:01.269042" elapsed="2.000967"/>
</kw>
<status status="PASS" start="2026-03-17T22:38:01.213817" elapsed="2.056284"/>
</kw>
<kw name="Admin Check Log Single Id" owner="common-resource">
<kw name="Get Element Count" owner="SeleniumLibrary">
<msg time="2026-03-17T22:38:03.281169" level="INFO">${rows} = 20</msg>
<var>${rows}</var>
<arg>xpath=//table/tbody/tr</arg>
<doc>Returns the number of elements matching ``locator``.</doc>
<status status="PASS" start="2026-03-17T22:38:03.270833" elapsed="0.010375"/>
</kw>
<kw name="Get Text" owner="SeleniumLibrary">
<msg time="2026-03-17T22:38:03.294172" level="INFO">${first_value} = cmmaqoiy8000a23jry6jcccf5</msg>
<var>${first_value}</var>
<arg>xpath=//table/tbody/tr[1]/td[1]</arg>
<doc>Returns the text value of the element identified by ``locator``.</doc>
<status status="PASS" start="2026-03-17T22:38:03.281351" elapsed="0.012883"/>
</kw>
<for flavor="IN RANGE">
<iter>
<kw name="Get Text" owner="SeleniumLibrary">
<msg time="2026-03-17T22:38:03.304946" level="INFO">${value} = cmmaqoiy8000a23jry6jcccf5</msg>
<var>${value}</var>
<arg>xpath=//table/tbody/tr[${i}]/td[1]</arg>
<doc>Returns the text value of the element identified by ``locator``.</doc>
<status status="PASS" start="2026-03-17T22:38:03.295275" elapsed="0.009716"/>
</kw>
<kw name="Should Be Equal As Strings" owner="BuiltIn">
<arg>${value}</arg>
<arg>${first_value}</arg>
<doc>Fails if objects are unequal after converting them to strings.</doc>
<status status="PASS" start="2026-03-17T22:38:03.305147" elapsed="0.000329"/>
</kw>
<var name="${i}">1</var>
<status status="PASS" start="2026-03-17T22:38:03.295109" elapsed="0.010412"/>
</iter>
<iter>
<kw name="Get Text" owner="SeleniumLibrary">
<msg time="2026-03-17T22:38:03.316600" level="INFO">${value} = cmmaqoiy8000a23jry6jcccf5</msg>
<var>${value}</var>
<arg>xpath=//table/tbody/tr[${i}]/td[1]</arg>
<doc>Returns the text value of the element identified by ``locator``.</doc>
<status status="PASS" start="2026-03-17T22:38:03.305726" elapsed="0.010912"/>
</kw>
<kw name="Should Be Equal As Strings" owner="BuiltIn">
<arg>${value}</arg>
<arg>${first_value}</arg>
<doc>Fails if objects are unequal after converting them to strings.</doc>
<status status="PASS" start="2026-03-17T22:38:03.316771" elapsed="0.000294"/>
</kw>
<var name="${i}">2</var>
<status status="PASS" start="2026-03-17T22:38:03.305636" elapsed="0.011470"/>
</iter>
<iter>
<kw name="Get Text" owner="SeleniumLibrary">
<msg time="2026-03-17T22:38:03.328201" level="INFO">${value} = cmmaqoiy8000a23jry6jcccf5</msg>
<var>${value}</var>
<arg>xpath=//table/tbody/tr[${i}]/td[1]</arg>
<doc>Returns the text value of the element identified by ``locator``.</doc>
<status status="PASS" start="2026-03-17T22:38:03.317282" elapsed="0.010971"/>
</kw>
<kw name="Should Be Equal As Strings" owner="BuiltIn">
<arg>${value}</arg>
<arg>${first_value}</arg>
<doc>Fails if objects are unequal after converting them to strings.</doc>
<status status="PASS" start="2026-03-17T22:38:03.328415" elapsed="0.000318"/>
</kw>
<var name="${i}">3</var>
<status status="PASS" start="2026-03-17T22:38:03.317204" elapsed="0.011567"/>
</iter>
<iter>
<kw name="Get Text" owner="SeleniumLibrary">
<msg time="2026-03-17T22:38:03.340025" level="INFO">${value} = cmmaqoiy8000a23jry6jcccf5</msg>
<var>${value}</var>
<arg>xpath=//table/tbody/tr[${i}]/td[1]</arg>
<doc>Returns the text value of the element identified by ``locator``.</doc>
<status status="PASS" start="2026-03-17T22:38:03.328939" elapsed="0.011126"/>
</kw>
<kw name="Should Be Equal As Strings" owner="BuiltIn">
<arg>${value}</arg>
<arg>${first_value}</arg>
<doc>Fails if objects are unequal after converting them to strings.</doc>
<status status="PASS" start="2026-03-17T22:38:03.340189" elapsed="0.000261"/>
</kw>
<var name="${i}">4</var>
<status status="PASS" start="2026-03-17T22:38:03.328861" elapsed="0.011625"/>
</iter>
<iter>
<kw name="Get Text" owner="SeleniumLibrary">
<msg time="2026-03-17T22:38:03.351734" level="INFO">${value} = cmmaqoiy8000a23jry6jcccf5</msg>
<var>${value}</var>
<arg>xpath=//table/tbody/tr[${i}]/td[1]</arg>
<doc>Returns the text value of the element identified by ``locator``.</doc>
<status status="PASS" start="2026-03-17T22:38:03.340646" elapsed="0.011146"/>
</kw>
<kw name="Should Be Equal As Strings" owner="BuiltIn">
<arg>${value}</arg>
<arg>${first_value}</arg>
<doc>Fails if objects are unequal after converting them to strings.</doc>
<status status="PASS" start="2026-03-17T22:38:03.351982" elapsed="0.000353"/>
</kw>
<var name="${i}">5</var>
<status status="PASS" start="2026-03-17T22:38:03.340572" elapsed="0.011819"/>
</iter>
<iter>
<kw name="Get Text" owner="SeleniumLibrary">
<msg time="2026-03-17T22:38:03.363191" level="INFO">${value} = cmmaqoiy8000a23jry6jcccf5</msg>
<var>${value}</var>
<arg>xpath=//table/tbody/tr[${i}]/td[1]</arg>
<doc>Returns the text value of the element identified by ``locator``.</doc>
<status status="PASS" start="2026-03-17T22:38:03.352561" elapsed="0.010666"/>
</kw>
<kw name="Should Be Equal As Strings" owner="BuiltIn">
<arg>${value}</arg>
<arg>${first_value}</arg>
<doc>Fails if objects are unequal after converting them to strings.</doc>
<status status="PASS" start="2026-03-17T22:38:03.363350" elapsed="0.000257"/>
</kw>
<var name="${i}">6</var>
<status status="PASS" start="2026-03-17T22:38:03.352484" elapsed="0.011159"/>
</iter>
<iter>
<kw name="Get Text" owner="SeleniumLibrary">
<msg time="2026-03-17T22:38:03.375009" level="INFO">${value} = cmmaqoiy8000a23jry6jcccf5</msg>
<var>${value}</var>
<arg>xpath=//table/tbody/tr[${i}]/td[1]</arg>
<doc>Returns the text value of the element identified by ``locator``.</doc>
<status status="PASS" start="2026-03-17T22:38:03.363799" elapsed="0.011250"/>
</kw>
<kw name="Should Be Equal As Strings" owner="BuiltIn">
<arg>${value}</arg>
<arg>${first_value}</arg>
<doc>Fails if objects are unequal after converting them to strings.</doc>
<status status="PASS" start="2026-03-17T22:38:03.375182" elapsed="0.000328"/>
</kw>
<var name="${i}">7</var>
<status status="PASS" start="2026-03-17T22:38:03.363729" elapsed="0.011821"/>
</iter>
<iter>
<kw name="Get Text" owner="SeleniumLibrary">
<msg time="2026-03-17T22:38:03.390852" level="INFO">${value} = cmmaqoiy8000a23jry6jcccf5</msg>
<var>${value}</var>
<arg>xpath=//table/tbody/tr[${i}]/td[1]</arg>
<doc>Returns the text value of the element identified by ``locator``.</doc>
<status status="PASS" start="2026-03-17T22:38:03.375716" elapsed="0.015180"/>
</kw>
<kw name="Should Be Equal As Strings" owner="BuiltIn">
<arg>${value}</arg>
<arg>${first_value}</arg>
<doc>Fails if objects are unequal after converting them to strings.</doc>
<status status="PASS" start="2026-03-17T22:38:03.391047" elapsed="0.000301"/>
</kw>
<var name="${i}">8</var>
<status status="PASS" start="2026-03-17T22:38:03.375639" elapsed="0.015749"/>
</iter>
<iter>
<kw name="Get Text" owner="SeleniumLibrary">
<msg time="2026-03-17T22:38:03.402571" level="INFO">${value} = cmmaqoiy8000a23jry6jcccf5</msg>
<var>${value}</var>
<arg>xpath=//table/tbody/tr[${i}]/td[1]</arg>
<doc>Returns the text value of the element identified by ``locator``.</doc>
<status status="PASS" start="2026-03-17T22:38:03.391568" elapsed="0.011045"/>
</kw>
<kw name="Should Be Equal As Strings" owner="BuiltIn">
<arg>${value}</arg>
<arg>${first_value}</arg>
<doc>Fails if objects are unequal after converting them to strings.</doc>
<status status="PASS" start="2026-03-17T22:38:03.402758" elapsed="0.000290"/>
</kw>
<var name="${i}">9</var>
<status status="PASS" start="2026-03-17T22:38:03.391486" elapsed="0.011606"/>
</iter>
<iter>
<kw name="Get Text" owner="SeleniumLibrary">
<msg time="2026-03-17T22:38:03.413940" level="INFO">${value} = cmmaqoiy8000a23jry6jcccf5</msg>
<var>${value}</var>
<arg>xpath=//table/tbody/tr[${i}]/td[1]</arg>
<doc>Returns the text value of the element identified by ``locator``.</doc>
<status status="PASS" start="2026-03-17T22:38:03.403279" elapsed="0.010703"/>
</kw>
<kw name="Should Be Equal As Strings" owner="BuiltIn">
<arg>${value}</arg>
<arg>${first_value}</arg>
<doc>Fails if objects are unequal after converting them to strings.</doc>
<status status="PASS" start="2026-03-17T22:38:03.414136" elapsed="0.000333"/>
</kw>
<var name="${i}">10</var>
<status status="PASS" start="2026-03-17T22:38:03.403196" elapsed="0.011312"/>
</iter>
<iter>
<kw name="Get Text" owner="SeleniumLibrary">
<msg time="2026-03-17T22:38:03.425109" level="INFO">${value} = cmmaqoiy8000a23jry6jcccf5</msg>
<var>${value}</var>
<arg>xpath=//table/tbody/tr[${i}]/td[1]</arg>
<doc>Returns the text value of the element identified by ``locator``.</doc>
<status status="PASS" start="2026-03-17T22:38:03.414685" elapsed="0.010461"/>
</kw>
<kw name="Should Be Equal As Strings" owner="BuiltIn">
<arg>${value}</arg>
<arg>${first_value}</arg>
<doc>Fails if objects are unequal after converting them to strings.</doc>
<status status="PASS" start="2026-03-17T22:38:03.425270" elapsed="0.000257"/>
</kw>
<var name="${i}">11</var>
<status status="PASS" start="2026-03-17T22:38:03.414609" elapsed="0.010954"/>
</iter>
<iter>
<kw name="Get Text" owner="SeleniumLibrary">
<msg time="2026-03-17T22:38:03.436446" level="INFO">${value} = cmmaqoiy8000a23jry6jcccf5</msg>
<var>${value}</var>
<arg>xpath=//table/tbody/tr[${i}]/td[1]</arg>
<doc>Returns the text value of the element identified by ``locator``.</doc>
<status status="PASS" start="2026-03-17T22:38:03.425722" elapsed="0.010772"/>
</kw>
<kw name="Should Be Equal As Strings" owner="BuiltIn">
<arg>${value}</arg>
<arg>${first_value}</arg>
<doc>Fails if objects are unequal after converting them to strings.</doc>
<status status="PASS" start="2026-03-17T22:38:03.436646" elapsed="0.000309"/>
</kw>
<var name="${i}">12</var>
<status status="PASS" start="2026-03-17T22:38:03.425651" elapsed="0.011344"/>
</iter>
<iter>
<kw name="Get Text" owner="SeleniumLibrary">
<msg time="2026-03-17T22:38:03.448332" level="INFO">${value} = cmmaqoiy8000a23jry6jcccf5</msg>
<var>${value}</var>
<arg>xpath=//table/tbody/tr[${i}]/td[1]</arg>
<doc>Returns the text value of the element identified by ``locator``.</doc>
<status status="PASS" start="2026-03-17T22:38:03.437217" elapsed="0.011156"/>
</kw>
<kw name="Should Be Equal As Strings" owner="BuiltIn">
<arg>${value}</arg>
<arg>${first_value}</arg>
<doc>Fails if objects are unequal after converting them to strings.</doc>
<status status="PASS" start="2026-03-17T22:38:03.448513" elapsed="0.000282"/>
</kw>
<var name="${i}">13</var>
<status status="PASS" start="2026-03-17T22:38:03.437126" elapsed="0.011708"/>
</iter>
<iter>
<kw name="Get Text" owner="SeleniumLibrary">
<msg time="2026-03-17T22:38:03.460575" level="INFO">${value} = cmmaqoiy8000a23jry6jcccf5</msg>
<var>${value}</var>
<arg>xpath=//table/tbody/tr[${i}]/td[1]</arg>
<doc>Returns the text value of the element identified by ``locator``.</doc>
<status status="PASS" start="2026-03-17T22:38:03.449002" elapsed="0.011616"/>
</kw>
<kw name="Should Be Equal As Strings" owner="BuiltIn">
<arg>${value}</arg>
<arg>${first_value}</arg>
<doc>Fails if objects are unequal after converting them to strings.</doc>
<status status="PASS" start="2026-03-17T22:38:03.460768" elapsed="0.000297"/>
</kw>
<var name="${i}">14</var>
<status status="PASS" start="2026-03-17T22:38:03.448925" elapsed="0.012183"/>
</iter>
<iter>
<kw name="Get Text" owner="SeleniumLibrary">
<msg time="2026-03-17T22:38:03.472242" level="INFO">${value} = cmmaqoiy8000a23jry6jcccf5</msg>
<var>${value}</var>
<arg>xpath=//table/tbody/tr[${i}]/td[1]</arg>
<doc>Returns the text value of the element identified by ``locator``.</doc>
<status status="PASS" start="2026-03-17T22:38:03.461280" elapsed="0.011001"/>
</kw>
<kw name="Should Be Equal As Strings" owner="BuiltIn">
<arg>${value}</arg>
<arg>${first_value}</arg>
<doc>Fails if objects are unequal after converting them to strings.</doc>
<status status="PASS" start="2026-03-17T22:38:03.472406" elapsed="0.000279"/>
</kw>
<var name="${i}">15</var>
<status status="PASS" start="2026-03-17T22:38:03.461202" elapsed="0.011522"/>
</iter>
<iter>
<kw name="Get Text" owner="SeleniumLibrary">
<msg time="2026-03-17T22:38:03.483794" level="INFO">${value} = cmmaqoiy8000a23jry6jcccf5</msg>
<var>${value}</var>
<arg>xpath=//table/tbody/tr[${i}]/td[1]</arg>
<doc>Returns the text value of the element identified by ``locator``.</doc>
<status status="PASS" start="2026-03-17T22:38:03.472916" elapsed="0.010916"/>
</kw>
<kw name="Should Be Equal As Strings" owner="BuiltIn">
<arg>${value}</arg>
<arg>${first_value}</arg>
<doc>Fails if objects are unequal after converting them to strings.</doc>
<status status="PASS" start="2026-03-17T22:38:03.483985" elapsed="0.000349"/>
</kw>
<var name="${i}">16</var>
<status status="PASS" start="2026-03-17T22:38:03.472830" elapsed="0.011548"/>
</iter>
<iter>
<kw name="Get Text" owner="SeleniumLibrary">
<msg time="2026-03-17T22:38:03.499207" level="INFO">${value} = cmmaqoiy8000a23jry6jcccf5</msg>
<var>${value}</var>
<arg>xpath=//table/tbody/tr[${i}]/td[1]</arg>
<doc>Returns the text value of the element identified by ``locator``.</doc>
<status status="PASS" start="2026-03-17T22:38:03.484569" elapsed="0.014681"/>
</kw>
<kw name="Should Be Equal As Strings" owner="BuiltIn">
<arg>${value}</arg>
<arg>${first_value}</arg>
<doc>Fails if objects are unequal after converting them to strings.</doc>
<status status="PASS" start="2026-03-17T22:38:03.499400" elapsed="0.000299"/>
</kw>
<var name="${i}">17</var>
<status status="PASS" start="2026-03-17T22:38:03.484481" elapsed="0.015259"/>
</iter>
<iter>
<kw name="Get Text" owner="SeleniumLibrary">
<msg time="2026-03-17T22:38:03.511508" level="INFO">${value} = cmmaqoiy8000a23jry6jcccf5</msg>
<var>${value}</var>
<arg>xpath=//table/tbody/tr[${i}]/td[1]</arg>
<doc>Returns the text value of the element identified by ``locator``.</doc>
<status status="PASS" start="2026-03-17T22:38:03.499924" elapsed="0.011623"/>
</kw>
<kw name="Should Be Equal As Strings" owner="BuiltIn">
<arg>${value}</arg>
<arg>${first_value}</arg>
<doc>Fails if objects are unequal after converting them to strings.</doc>
<status status="PASS" start="2026-03-17T22:38:03.511714" elapsed="0.000328"/>
</kw>
<var name="${i}">18</var>
<status status="PASS" start="2026-03-17T22:38:03.499841" elapsed="0.012243"/>
</iter>
<iter>
<kw name="Get Text" owner="SeleniumLibrary">
<msg time="2026-03-17T22:38:03.524207" level="INFO">${value} = cmmaqoiy8000a23jry6jcccf5</msg>
<var>${value}</var>
<arg>xpath=//table/tbody/tr[${i}]/td[1]</arg>
<doc>Returns the text value of the element identified by ``locator``.</doc>
<status status="PASS" start="2026-03-17T22:38:03.512258" elapsed="0.011991"/>
</kw>
<kw name="Should Be Equal As Strings" owner="BuiltIn">
<arg>${value}</arg>
<arg>${first_value}</arg>
<doc>Fails if objects are unequal after converting them to strings.</doc>
<status status="PASS" start="2026-03-17T22:38:03.524391" elapsed="0.000282"/>
</kw>
<var name="${i}">19</var>
<status status="PASS" start="2026-03-17T22:38:03.512179" elapsed="0.012534"/>
</iter>
<iter>
<kw name="Get Text" owner="SeleniumLibrary">
<msg time="2026-03-17T22:38:03.537566" level="INFO">${value} = cmmaqoiy8000a23jry6jcccf5</msg>
<var>${value}</var>
<arg>xpath=//table/tbody/tr[${i}]/td[1]</arg>
<doc>Returns the text value of the element identified by ``locator``.</doc>
<status status="PASS" start="2026-03-17T22:38:03.524881" elapsed="0.012728"/>
</kw>
<kw name="Should Be Equal As Strings" owner="BuiltIn">
<arg>${value}</arg>
<arg>${first_value}</arg>
<doc>Fails if objects are unequal after converting them to strings.</doc>
<status status="PASS" start="2026-03-17T22:38:03.537765" elapsed="0.000307"/>
</kw>
<var name="${i}">20</var>
<status status="PASS" start="2026-03-17T22:38:03.524805" elapsed="0.013312"/>
</iter>
<var>${i}</var>
<value>1</value>
<value>${rows}+1</value>
<status status="PASS" start="2026-03-17T22:38:03.294449" elapsed="0.243711"/>
</for>
<status status="PASS" start="2026-03-17T22:38:03.270597" elapsed="0.267651"/>
</kw>
<kw name="Close All Browsers" owner="SeleniumLibrary" type="TEARDOWN">
<doc>Closes all open browsers and resets the browser cache.</doc>
<status status="PASS" start="2026-03-17T22:38:03.538644" elapsed="2.213780"/>
</kw>
<status status="PASS" start="2026-03-17T22:37:49.877871" elapsed="15.874747"/>
</test>
<test id="s1-t2" name="TC01-02 Login Admin And Filter Log By Startdatetime" line="34">
<kw name="Open Main Page" owner="common-resource" type="SETUP">
<kw name="Create Directory" owner="OperatingSystem">
<msg time="2026-03-17T22:38:05.754135" level="INFO" html="true">Directory '&lt;a href="file://D:\663380022-3_3.2\Software_En\Project\current\PaiNamNaeWebAppSec2_6\test\sprint3\Resource\downloads"&gt;D:\663380022-3_3.2\Software_En\Project\current\PaiNamNaeWebAppSec2_6\test\sprint3\Resource\downloads&lt;/a&gt;' already exists.</msg>
<arg>${DOWNLOAD_PATH}</arg>
<doc>Creates the specified directory.</doc>
<status status="PASS" start="2026-03-17T22:38:05.753822" elapsed="0.000368"/>
</kw>
<kw name="Create Dictionary" owner="BuiltIn">
<msg time="2026-03-17T22:38:05.754769" level="INFO">${prefs} = {'download.default_directory': 'D:\\663380022-3_3.2\\Software_En\\Project\\current\\PaiNamNaeWebAppSec2_6\\test\\sprint3\\Resource\\downloads'}</msg>
<var>${prefs}</var>
<arg>download.default_directory=${DOWNLOAD_PATH}</arg>
<doc>Creates and returns a dictionary based on the given ``items``.</doc>
<status status="PASS" start="2026-03-17T22:38:05.754309" elapsed="0.000481"/>
</kw>
<kw name="Open Browser" owner="SeleniumLibrary">
<msg time="2026-03-17T22:38:05.755083" level="INFO">Opening browser 'chrome' to base url 'https://csse2669.cpkku.com'.</msg>
<arg>${URL}</arg>
<arg>${BROWSER}</arg>
<arg>options=add_experimental_option("prefs", ${prefs})</arg>
<doc>Opens a new browser instance to the optional ``url``.</doc>
<status status="PASS" start="2026-03-17T22:38:05.754897" elapsed="2.324229"/>
</kw>
<kw name="Maximize Browser Window" owner="SeleniumLibrary">
<doc>Maximizes current browser window.</doc>
<status status="PASS" start="2026-03-17T22:38:08.079381" elapsed="0.040983"/>
</kw>
<kw name="Set Selenium Speed" owner="SeleniumLibrary">
<arg>${DELAY}</arg>
<doc>Sets the delay that is waited after each Selenium command.</doc>
<status status="PASS" start="2026-03-17T22:38:08.120726" elapsed="0.000436"/>
</kw>
<doc>เปิดหน้าเว็บไซต์หลัก</doc>
<status status="PASS" start="2026-03-17T22:38:05.753637" elapsed="2.367653"/>
</kw>
<kw name="Go To Login Page" owner="common-resource">
<kw name="Click Go To Login Page" owner="common-resource">
<kw name="Sleep" owner="BuiltIn">
<msg time="2026-03-17T22:38:10.124544" level="INFO">Slept 2 seconds.</msg>
<arg>2</arg>
<doc>Pauses the test executed for the given time.</doc>
<status status="PASS" start="2026-03-17T22:38:08.123534" elapsed="2.001180"/>
</kw>
<kw name="Click Element" owner="SeleniumLibrary">
<msg time="2026-03-17T22:38:10.125110" level="INFO">Clicking element 'xpath=//a[@href="/login"]'.</msg>
<arg>xpath=//a[@href="/login"]</arg>
<doc>Click the element identified by ``locator``.</doc>
<status status="PASS" start="2026-03-17T22:38:10.124905" elapsed="0.081434"/>
</kw>
<status status="PASS" start="2026-03-17T22:38:08.123324" elapsed="2.083250"/>
</kw>
<kw name="Login Page Should Be Open" owner="common-resource">
<kw name="Wait Until Location Contains" owner="SeleniumLibrary">
<arg>${URL}/login</arg>
<arg>timeout=2s</arg>
<doc>Waits until the current URL contains ``expected``.</doc>
<status status="PASS" start="2026-03-17T22:38:10.207219" elapsed="0.006495"/>
</kw>
<kw name="Wait Until Element Is Visible" owner="SeleniumLibrary">
<arg>id=identifier</arg>
<arg>timeout=2s</arg>
<doc>Waits until the element ``locator`` is visible.</doc>
<status status="PASS" start="2026-03-17T22:38:10.213939" elapsed="0.014510"/>
</kw>
<kw name="Element Text Should Be" owner="SeleniumLibrary">
<msg time="2026-03-17T22:38:10.228955" level="INFO">Verifying element 'xpath=//main//h1' contains exact text 'เข้าสู่ระบบ'.</msg>
<arg>xpath=//main//h1</arg>
<arg>เข้าสู่ระบบ</arg>
<doc>Verifies that element ``locator`` contains exact the text ``expected``.</doc>
<status status="PASS" start="2026-03-17T22:38:10.228692" elapsed="0.018634"/>
</kw>
<status status="PASS" start="2026-03-17T22:38:10.206821" elapsed="0.040628"/>
</kw>
<doc>เปิดหน้าเข้าสู่ระบบ</doc>
<status status="PASS" start="2026-03-17T22:38:08.122584" elapsed="2.124911"/>
</kw>
<kw name="Login" owner="common-resource">
<kw name="Input Text" owner="SeleniumLibrary">
<msg time="2026-03-17T22:38:10.248449" level="INFO">Typing text 'AdminNokia' into text field 'id=identifier'.</msg>
<arg>id=identifier</arg>
<arg>${username}</arg>
<doc>Types the given ``text`` into the text field identified by ``locator``.</doc>
<status status="PASS" start="2026-03-17T22:38:10.248249" elapsed="0.062980"/>
</kw>
<kw name="Input Text" owner="SeleniumLibrary">
<msg time="2026-03-17T22:38:10.311740" level="INFO">Typing text 'adminnokia007xRovxMLBB' into text field 'id=password'.</msg>
<arg>id=password</arg>
<arg>${password}</arg>
<doc>Types the given ``text`` into the text field identified by ``locator``.</doc>
<status status="PASS" start="2026-03-17T22:38:10.311439" elapsed="0.053201"/>
</kw>
<kw name="Click Login Button" owner="common-resource">
<kw name="Click Button" owner="SeleniumLibrary">
<msg time="2026-03-17T22:38:10.365238" level="INFO">Clicking button 'เข้าสู่ระบบ'.</msg>
<arg>เข้าสู่ระบบ</arg>
<doc>Clicks the button identified by ``locator``.</doc>
<status status="PASS" start="2026-03-17T22:38:10.365092" elapsed="0.052113"/>
</kw>
<status status="PASS" start="2026-03-17T22:38:10.364861" elapsed="0.052472"/>
</kw>
<kw name="Sleep" owner="BuiltIn">
<msg time="2026-03-17T22:38:12.418353" level="INFO">Slept 2 seconds.</msg>
<arg>2s</arg>
<doc>Pauses the test executed for the given time.</doc>
<status status="PASS" start="2026-03-17T22:38:10.417471" elapsed="2.001056"/>
</kw>
<arg>${ADMIN_USERNAME}</arg>
<arg>${ADMIN_PASSWORD}</arg>
<doc>ลงทะเบียนผู้ใช้</doc>
<status status="PASS" start="2026-03-17T22:38:10.247887" elapsed="2.170741"/>
</kw>
<kw name="Admin Go To Log Page" owner="common-resource">
<kw name="Admin Click Dashboard" owner="common-resource">
<kw name="Hold Profile list" owner="common-resource">
<kw name="Scroll Element Into View" owner="SeleniumLibrary">
<arg>xpath=//div[contains(@class,"cursor-pointer")]</arg>
<doc>Scrolls the element identified by ``locator`` into view.</doc>
<status status="PASS" start="2026-03-17T22:38:12.419534" elapsed="0.272974"/>
</kw>
<status status="PASS" start="2026-03-17T22:38:12.419385" elapsed="0.273228"/>
</kw>
<kw name="Click Element" owner="SeleniumLibrary">
<msg time="2026-03-17T22:38:12.692990" level="INFO">Clicking element 'xpath=//a[@href="/admin/users"]'.</msg>
<arg>xpath=//a[@href="/admin/users"]</arg>
<doc>Click the element identified by ``locator``.</doc>
<status status="PASS" start="2026-03-17T22:38:12.692739" elapsed="0.040789"/>
</kw>
<kw name="Sleep" owner="BuiltIn">
<msg time="2026-03-17T22:38:14.734341" level="INFO">Slept 2 seconds.</msg>
<arg>2s</arg>
<doc>Pauses the test executed for the given time.</doc>
<status status="PASS" start="2026-03-17T22:38:12.733710" elapsed="2.000825"/>
</kw>
<status status="PASS" start="2026-03-17T22:38:12.419240" elapsed="2.315422"/>
</kw>
<kw name="Click Element" owner="SeleniumLibrary">
<msg time="2026-03-17T22:38:14.734993" level="INFO">Clicking element 'xpath=//a[@href="/admin/traffic-log"]'.</msg>
<arg>xpath=//a[@href="/admin/traffic-log"]</arg>
<doc>Click the element identified by ``locator``.</doc>
<status status="PASS" start="2026-03-17T22:38:14.734804" elapsed="0.046785"/>
</kw>
<kw name="Log Page Should Be Open" owner="common-resource">
<kw name="Wait Until Location Contains" owner="SeleniumLibrary">
<arg>${URL}/admin/traffic-log</arg>
<arg>timeout=2s</arg>
<doc>Waits until the current URL contains ``expected``.</doc>
<status status="PASS" start="2026-03-17T22:38:14.782058" elapsed="0.208679"/>
</kw>
<status status="PASS" start="2026-03-17T22:38:14.781823" elapsed="0.209027"/>
</kw>
<doc>เปิดหน้า log</doc>
<status status="PASS" start="2026-03-17T22:38:12.418998" elapsed="2.571895"/>
</kw>
<kw name="Admin Filter Log With Startdatetime" owner="common-resource">
<kw name="Wait Until Element Is Visible" owner="SeleniumLibrary">
<arg>id=userID</arg>
<arg>5s</arg>
<doc>Waits until the element ``locator`` is visible.</doc>
<status status="PASS" start="2026-03-17T22:38:14.991493" elapsed="0.012557"/>
</kw>
<kw name="Input Text" owner="SeleniumLibrary">
<msg time="2026-03-17T22:38:15.004677" level="INFO">Typing text '01012026' into text field 'id=startTime'.</msg>
<arg>id=startTime</arg>
<arg>${startdate}</arg>
<doc>Types the given ``text`` into the text field identified by ``locator``.</doc>
<status status="PASS" start="2026-03-17T22:38:15.004291" elapsed="0.049462"/>
</kw>
<kw name="Press Keys" owner="SeleniumLibrary">
<msg time="2026-03-17T22:38:15.054317" level="INFO">Sending key(s) ('TAB',) to page.</msg>
<msg time="2026-03-17T22:38:15.054432" level="INFO">Pressing special key TAB to browser.</msg>
<msg time="2026-03-17T22:38:15.054499" level="INFO">Releasing special key TAB.</msg>
<arg>NONE</arg>
<arg>TAB</arg>
<doc>Simulates the user pressing key(s) to an element or on the active browser.</doc>
<status status="PASS" start="2026-03-17T22:38:15.053936" elapsed="0.005955"/>
</kw>
<kw name="Input Text" owner="SeleniumLibrary">
<msg time="2026-03-17T22:38:15.060300" level="INFO">Typing text '1139AM' into text field 'id=startTime'.</msg>
<arg>id=startTime</arg>
<arg>${starttime}</arg>
<doc>Types the given ``text`` into the text field identified by ``locator``.</doc>
<status status="PASS" start="2026-03-17T22:38:15.060071" elapsed="0.049125"/>
</kw>
<kw name="Sleep" owner="BuiltIn">
<msg time="2026-03-17T22:38:17.110660" level="INFO">Slept 2 seconds.</msg>
<arg>2s</arg>
<doc>Pauses the test executed for the given time.</doc>
<status status="PASS" start="2026-03-17T22:38:15.109615" elapsed="2.001165"/>
</kw>
<arg>${startdate}</arg>
<arg>${starttime}</arg>
<status status="PASS" start="2026-03-17T22:38:14.991193" elapsed="2.119679"/>
</kw>
<kw name="Admin Click Filter Button" owner="common-resource">
<kw name="Click Button" owner="SeleniumLibrary">
<msg time="2026-03-17T22:38:17.111684" level="INFO">Clicking button 'id=applyFilters'.</msg>
<arg>id=applyFilters</arg>
<doc>Clicks the button identified by ``locator``.</doc>
<status status="PASS" start="2026-03-17T22:38:17.111513" elapsed="0.054165"/>
</kw>
<kw name="Sleep" owner="BuiltIn">
<msg time="2026-03-17T22:38:19.166825" level="INFO">Slept 2 seconds.</msg>
<arg>2s</arg>
<doc>Pauses the test executed for the given time.</doc>
<status status="PASS" start="2026-03-17T22:38:17.165853" elapsed="2.001126"/>
</kw>
<status status="PASS" start="2026-03-17T22:38:17.111283" elapsed="2.055789"/>
</kw>
<kw name="Admin Check Traffic-log Last Row Is Within Lower Bound" owner="datetime-resource">
<kw name="Convert Input To Datetime" owner="datetime_check">
<msg time="2026-03-17T22:38:19.178238" level="INFO">${lower_bound} = 2026-01-01 11:39:00</msg>
<var>${lower_bound}</var>
<arg>${startdate}</arg>
<arg>${starttime}</arg>
<status status="PASS" start="2026-03-17T22:38:19.167856" elapsed="0.010420"/>
</kw>
<kw name="Get Element Count" owner="SeleniumLibrary">
<msg time="2026-03-17T22:38:19.188152" level="INFO">${row_count} = 20</msg>
<var>${row_count}</var>
<arg>xpath=//table/tbody/tr</arg>
<doc>Returns the number of elements matching ``locator``.</doc>
<status status="PASS" start="2026-03-17T22:38:19.178425" elapsed="0.009790"/>
</kw>
<kw name="Get Text" owner="SeleniumLibrary">
<msg time="2026-03-17T22:38:19.201038" level="INFO">${last_row_text} = 17 มี.ค. 2569 22:34:43</msg>
<var>${last_row_text}</var>
<arg>xpath=//table/tbody/tr[${row_count}]/td[2]</arg>
<doc>Returns the text value of the element identified by ``locator``.</doc>
<status status="PASS" start="2026-03-17T22:38:19.188404" elapsed="0.012678"/>
</kw>
<kw name="Convert Thai Table Time To Datetime" owner="datetime_check">
<msg time="2026-03-17T22:38:19.202073" level="INFO">${last_row_dt} = 2026-03-17 22:34:43</msg>
<var>${last_row_dt}</var>
<arg>${last_row_text}</arg>
<status status="PASS" start="2026-03-17T22:38:19.201232" elapsed="0.000890"/>
</kw>
<kw name="Should Be True" owner="BuiltIn">
<arg>'${last_row_dt}' &gt;= '${lower_bound}'</arg>
<arg>msg=แถวสุดท้ายเก่ากว่าเวลาที่กำหนด (${last_row_text} &lt; ขอบเขตล่าง)</arg>
<doc>Fails if the given condition is not true.</doc>
<status status="PASS" start="2026-03-17T22:38:19.202270" elapsed="0.000571"/>
</kw>
<arg>${startdate}</arg>
<arg>${starttime}</arg>
<status status="PASS" start="2026-03-17T22:38:19.167537" elapsed="0.035445"/>
</kw>
<kw name="Close All Browsers" owner="SeleniumLibrary" type="TEARDOWN">
<doc>Closes all open browsers and resets the browser cache.</doc>
<status status="PASS" start="2026-03-17T22:38:19.203517" elapsed="2.191862"/>
</kw>
<status status="PASS" start="2026-03-17T22:38:05.753192" elapsed="15.642465"/>
</test>
<test id="s1-t3" name="TC01-03 Login Admin And Filter Log By Enddatetime" line="42">
<kw name="Open Main Page" owner="common-resource" type="SETUP">
<kw name="Create Directory" owner="OperatingSystem">
<msg time="2026-03-17T22:38:21.397629" level="INFO" html="true">Directory '&lt;a href="file://D:\663380022-3_3.2\Software_En\Project\current\PaiNamNaeWebAppSec2_6\test\sprint3\Resource\downloads"&gt;D:\663380022-3_3.2\Software_En\Project\current\PaiNamNaeWebAppSec2_6\test\sprint3\Resource\downloads&lt;/a&gt;' already exists.</msg>
<arg>${DOWNLOAD_PATH}</arg>
<doc>Creates the specified directory.</doc>
<status status="PASS" start="2026-03-17T22:38:21.397296" elapsed="0.000420"/>
</kw>
<kw name="Create Dictionary" owner="BuiltIn">
<msg time="2026-03-17T22:38:21.398146" level="INFO">${prefs} = {'download.default_directory': 'D:\\663380022-3_3.2\\Software_En\\Project\\current\\PaiNamNaeWebAppSec2_6\\test\\sprint3\\Resource\\downloads'}</msg>
<var>${prefs}</var>
<arg>download.default_directory=${DOWNLOAD_PATH}</arg>
<doc>Creates and returns a dictionary based on the given ``items``.</doc>
<status status="PASS" start="2026-03-17T22:38:21.397838" elapsed="0.000329"/>
</kw>
<kw name="Open Browser" owner="SeleniumLibrary">
<msg time="2026-03-17T22:38:21.398496" level="INFO">Opening browser 'chrome' to base url 'https://csse2669.cpkku.com'.</msg>
<arg>${URL}</arg>
<arg>${BROWSER}</arg>
<arg>options=add_experimental_option("prefs", ${prefs})</arg>
<doc>Opens a new browser instance to the optional ``url``.</doc>
<status status="PASS" start="2026-03-17T22:38:21.398264" elapsed="2.420420"/>
</kw>
<kw name="Maximize Browser Window" owner="SeleniumLibrary">
<doc>Maximizes current browser window.</doc>
<status status="PASS" start="2026-03-17T22:38:23.818878" elapsed="0.021058"/>
</kw>
<kw name="Set Selenium Speed" owner="SeleniumLibrary">
<arg>${DELAY}</arg>
<doc>Sets the delay that is waited after each Selenium command.</doc>
<status status="PASS" start="2026-03-17T22:38:23.840128" elapsed="0.000319"/>
</kw>
<doc>เปิดหน้าเว็บไซต์หลัก</doc>
<status status="PASS" start="2026-03-17T22:38:21.397100" elapsed="2.443417"/>
</kw>
<kw name="Go To Login Page" owner="common-resource">
<kw name="Click Go To Login Page" owner="common-resource">
<kw name="Sleep" owner="BuiltIn">
<msg time="2026-03-17T22:38:25.842194" level="INFO">Slept 2 seconds.</msg>
<arg>2</arg>
<doc>Pauses the test executed for the given time.</doc>
<status status="PASS" start="2026-03-17T22:38:23.841469" elapsed="2.000935"/>
</kw>
<kw name="Click Element" owner="SeleniumLibrary">
<msg time="2026-03-17T22:38:25.842837" level="INFO">Clicking element 'xpath=//a[@href="/login"]'.</msg>
<arg>xpath=//a[@href="/login"]</arg>
<doc>Click the element identified by ``locator``.</doc>
<status status="PASS" start="2026-03-17T22:38:25.842645" elapsed="0.083096"/>
</kw>
<status status="PASS" start="2026-03-17T22:38:23.841273" elapsed="2.084621"/>
</kw>
<kw name="Login Page Should Be Open" owner="common-resource">
<kw name="Wait Until Location Contains" owner="SeleniumLibrary">
<arg>${URL}/login</arg>
<arg>timeout=2s</arg>
<doc>Waits until the current URL contains ``expected``.</doc>
<status status="PASS" start="2026-03-17T22:38:25.926336" elapsed="0.004122"/>
</kw>
<kw name="Wait Until Element Is Visible" owner="SeleniumLibrary">
<arg>id=identifier</arg>
<arg>timeout=2s</arg>
<doc>Waits until the element ``locator`` is visible.</doc>
<status status="PASS" start="2026-03-17T22:38:25.930651" elapsed="0.015050"/>
</kw>
<kw name="Element Text Should Be" owner="SeleniumLibrary">
<msg time="2026-03-17T22:38:25.946298" level="INFO">Verifying element 'xpath=//main//h1' contains exact text 'เข้าสู่ระบบ'.</msg>
<arg>xpath=//main//h1</arg>
<arg>เข้าสู่ระบบ</arg>
<doc>Verifies that element ``locator`` contains exact the text ``expected``.</doc>
<status status="PASS" start="2026-03-17T22:38:25.945906" elapsed="0.018833"/>
</kw>
<status status="PASS" start="2026-03-17T22:38:25.926086" elapsed="0.038784"/>
</kw>
<doc>เปิดหน้าเข้าสู่ระบบ</doc>
<status status="PASS" start="2026-03-17T22:38:23.840948" elapsed="2.123967"/>
</kw>
<kw name="Login" owner="common-resource">
<kw name="Input Text" owner="SeleniumLibrary">
<msg time="2026-03-17T22:38:25.966645" level="INFO">Typing text 'AdminNokia' into text field 'id=identifier'.</msg>
<arg>id=identifier</arg>
<arg>${username}</arg>
<doc>Types the given ``text`` into the text field identified by ``locator``.</doc>
<status status="PASS" start="2026-03-17T22:38:25.966339" elapsed="0.065687"/>
</kw>
<kw name="Input Text" owner="SeleniumLibrary">
<msg time="2026-03-17T22:38:26.032460" level="INFO">Typing text 'adminnokia007xRovxMLBB' into text field 'id=password'.</msg>
<arg>id=password</arg>
<arg>${password}</arg>
<doc>Types the given ``text`` into the text field identified by ``locator``.</doc>
<status status="PASS" start="2026-03-17T22:38:26.032213" elapsed="0.054164"/>
</kw>
<kw name="Click Login Button" owner="common-resource">
<kw name="Click Button" owner="SeleniumLibrary">
<msg time="2026-03-17T22:38:26.086982" level="INFO">Clicking button 'เข้าสู่ระบบ'.</msg>
<arg>เข้าสู่ระบบ</arg>
<doc>Clicks the button identified by ``locator``.</doc>
<status status="PASS" start="2026-03-17T22:38:26.086837" elapsed="0.051593"/>
</kw>
<status status="PASS" start="2026-03-17T22:38:26.086604" elapsed="0.051940"/>
</kw>
<kw name="Sleep" owner="BuiltIn">
<msg time="2026-03-17T22:38:28.139545" level="INFO">Slept 2 seconds.</msg>
<arg>2s</arg>
<doc>Pauses the test executed for the given time.</doc>
<status status="PASS" start="2026-03-17T22:38:26.138666" elapsed="2.000994"/>
</kw>
<arg>${ADMIN_USERNAME}</arg>
<arg>${ADMIN_PASSWORD}</arg>
<doc>ลงทะเบียนผู้ใช้</doc>
<status status="PASS" start="2026-03-17T22:38:25.965439" elapsed="2.174314"/>
</kw>
<kw name="Admin Go To Log Page" owner="common-resource">
<kw name="Admin Click Dashboard" owner="common-resource">
<kw name="Hold Profile list" owner="common-resource">
<kw name="Scroll Element Into View" owner="SeleniumLibrary">
<arg>xpath=//div[contains(@class,"cursor-pointer")]</arg>
<doc>Scrolls the element identified by ``locator`` into view.</doc>
<status status="PASS" start="2026-03-17T22:38:28.140694" elapsed="0.273279"/>
</kw>
<status status="PASS" start="2026-03-17T22:38:28.140558" elapsed="0.273534"/>
</kw>
<kw name="Click Element" owner="SeleniumLibrary">
<msg time="2026-03-17T22:38:28.414543" level="INFO">Clicking element 'xpath=//a[@href="/admin/users"]'.</msg>
<arg>xpath=//a[@href="/admin/users"]</arg>
<doc>Click the element identified by ``locator``.</doc>
<status status="PASS" start="2026-03-17T22:38:28.414288" elapsed="0.044129"/>
</kw>
<kw name="Sleep" owner="BuiltIn">
<msg time="2026-03-17T22:38:30.460543" level="INFO">Slept 2 seconds.</msg>
<arg>2s</arg>
<doc>Pauses the test executed for the given time.</doc>
<status status="PASS" start="2026-03-17T22:38:28.458760" elapsed="2.001900"/>
</kw>
<status status="PASS" start="2026-03-17T22:38:28.140425" elapsed="2.320324"/>
</kw>
<kw name="Click Element" owner="SeleniumLibrary">
<msg time="2026-03-17T22:38:30.461054" level="INFO">Clicking element 'xpath=//a[@href="/admin/traffic-log"]'.</msg>
<arg>xpath=//a[@href="/admin/traffic-log"]</arg>
<doc>Click the element identified by ``locator``.</doc>
<status status="PASS" start="2026-03-17T22:38:30.460870" elapsed="0.044721"/>
</kw>
<kw name="Log Page Should Be Open" owner="common-resource">
<kw name="Wait Until Location Contains" owner="SeleniumLibrary">
<arg>${URL}/admin/traffic-log</arg>
<arg>timeout=2s</arg>
<doc>Waits until the current URL contains ``expected``.</doc>
<status status="PASS" start="2026-03-17T22:38:30.506232" elapsed="0.025911"/>
</kw>
<status status="PASS" start="2026-03-17T22:38:30.505928" elapsed="0.026397"/>
</kw>
<doc>เปิดหน้า log</doc>
<status status="PASS" start="2026-03-17T22:38:28.140196" elapsed="2.392172"/>
</kw>
<kw name="Admin Filter Log With Enddatetime" owner="common-resource">
<kw name="Wait Until Element Is Visible" owner="SeleniumLibrary">
<arg>id=userID</arg>
<arg>5s</arg>
<doc>Waits until the element ``locator`` is visible.</doc>
<status status="PASS" start="2026-03-17T22:38:30.533366" elapsed="0.025354"/>
</kw>
<kw name="Input Text" owner="SeleniumLibrary">
<msg time="2026-03-17T22:38:30.560284" level="INFO">Typing text '05052026' into text field 'id=endTime'.</msg>
<arg>id=endTime</arg>
<arg>${enddate}</arg>
<doc>Types the given ``text`` into the text field identified by ``locator``.</doc>
<status status="PASS" start="2026-03-17T22:38:30.559406" elapsed="0.056538"/>
</kw>
<kw name="Press Keys" owner="SeleniumLibrary">
<msg time="2026-03-17T22:38:30.617703" level="INFO">Sending key(s) ('TAB',) to page.</msg>
<msg time="2026-03-17T22:38:30.618056" level="INFO">Pressing special key TAB to browser.</msg>
<msg time="2026-03-17T22:38:30.618236" level="INFO">Releasing special key TAB.</msg>
<arg>NONE</arg>
<arg>TAB</arg>
<doc>Simulates the user pressing key(s) to an element or on the active browser.</doc>
<status status="PASS" start="2026-03-17T22:38:30.616419" elapsed="0.009402"/>
</kw>
<kw name="Input Text" owner="SeleniumLibrary">
<msg time="2026-03-17T22:38:30.626751" level="INFO">Typing text '1139AM' into text field 'id=endTime'.</msg>
<arg>id=endTime</arg>
<arg>${endtime}</arg>
<doc>Types the given ``text`` into the text field identified by ``locator``.</doc>
<status status="PASS" start="2026-03-17T22:38:30.626271" elapsed="0.053291"/>
</kw>
<kw name="Sleep" owner="BuiltIn">
<msg time="2026-03-17T22:38:32.680730" level="INFO">Slept 2 seconds.</msg>
<arg>2s</arg>
<doc>Pauses the test executed for the given time.</doc>
<status status="PASS" start="2026-03-17T22:38:30.680036" elapsed="2.000811"/>
</kw>
<arg>${enddate}</arg>
<arg>${endtime}</arg>
<status status="PASS" start="2026-03-17T22:38:30.532922" elapsed="2.148020"/>
</kw>
<kw name="Admin Click Filter Button" owner="common-resource">
<kw name="Click Button" owner="SeleniumLibrary">
<msg time="2026-03-17T22:38:32.681638" level="INFO">Clicking button 'id=applyFilters'.</msg>
<arg>id=applyFilters</arg>
<doc>Clicks the button identified by ``locator``.</doc>
<status status="PASS" start="2026-03-17T22:38:32.681495" elapsed="0.053465"/>
</kw>
<kw name="Sleep" owner="BuiltIn">
<msg time="2026-03-17T22:38:34.736040" level="INFO">Slept 2 seconds.</msg>
<arg>2s</arg>
<doc>Pauses the test executed for the given time.</doc>
<status status="PASS" start="2026-03-17T22:38:32.735151" elapsed="2.001036"/>
</kw>
<status status="PASS" start="2026-03-17T22:38:32.681271" elapsed="2.055040"/>
</kw>
<kw name="Admin Check Traffic-Log First Row Is Within Upper Bound" owner="datetime-resource">
<kw name="Convert Input To Datetime" owner="datetime_check">
<msg time="2026-03-17T22:38:34.737401" level="INFO">${upper_bound} = 2026-05-05 11:39:00</msg>
<var>${upper_bound}</var>
<arg>${enddate}</arg>
<arg>${endtime}</arg>
<status status="PASS" start="2026-03-17T22:38:34.737206" elapsed="0.000218"/>
</kw>
<kw name="Get Text" owner="SeleniumLibrary">
<msg time="2026-03-17T22:38:34.752345" level="INFO">${first_row_text} = 17 มี.ค. 2569 22:36:59</msg>
<var>${first_row_text}</var>
<arg>xpath=//table/tbody/tr[1]/td[2]</arg>
<doc>Returns the text value of the element identified by ``locator``.</doc>
<status status="PASS" start="2026-03-17T22:38:34.737507" elapsed="0.014882"/>
</kw>
<kw name="Convert Thai Table Time To Datetime" owner="datetime_check">
<msg time="2026-03-17T22:38:34.752747" level="INFO">${first_row_dt} = 2026-03-17 22:36:59</msg>
<var>${first_row_dt}</var>
<arg>${first_row_text}</arg>
<status status="PASS" start="2026-03-17T22:38:34.752545" elapsed="0.000224"/>
</kw>
<kw name="Should Be True" owner="BuiltIn">
<arg>'${first_row_dt}' &lt;= '${upper_bound}'</arg>
<arg>msg=แถวแรกเกินเวลาที่กำหนด (${first_row_text} &gt; ขอบเขตบน)</arg>
<doc>Fails if the given condition is not true.</doc>
<status status="PASS" start="2026-03-17T22:38:34.752851" elapsed="0.000427"/>
</kw>
<arg>${enddate}</arg>
<arg>${endtime}</arg>
<status status="PASS" start="2026-03-17T22:38:34.736807" elapsed="0.016544"/>
</kw>
<kw name="Close All Browsers" owner="SeleniumLibrary" type="TEARDOWN">
<doc>Closes all open browsers and resets the browser cache.</doc>
<status status="PASS" start="2026-03-17T22:38:34.753630" elapsed="2.207264"/>
</kw>
<status status="PASS" start="2026-03-17T22:38:21.396646" elapsed="15.564515"/>
</test>
<test id="s1-t4" name="TC01-04 Login Admin And Filter Log By Datetime" line="50">
<kw name="Open Main Page" owner="common-resource" type="SETUP">
<kw name="Create Directory" owner="OperatingSystem">
<msg time="2026-03-17T22:38:36.963078" level="INFO" html="true">Directory '&lt;a href="file://D:\663380022-3_3.2\Software_En\Project\current\PaiNamNaeWebAppSec2_6\test\sprint3\Resource\downloads"&gt;D:\663380022-3_3.2\Software_En\Project\current\PaiNamNaeWebAppSec2_6\test\sprint3\Resource\downloads&lt;/a&gt;' already exists.</msg>
<arg>${DOWNLOAD_PATH}</arg>
<doc>Creates the specified directory.</doc>
<status status="PASS" start="2026-03-17T22:38:36.962760" elapsed="0.000372"/>
</kw>
<kw name="Create Dictionary" owner="BuiltIn">
<msg time="2026-03-17T22:38:36.963536" level="INFO">${prefs} = {'download.default_directory': 'D:\\663380022-3_3.2\\Software_En\\Project\\current\\PaiNamNaeWebAppSec2_6\\test\\sprint3\\Resource\\downloads'}</msg>
<var>${prefs}</var>
<arg>download.default_directory=${DOWNLOAD_PATH}</arg>
<doc>Creates and returns a dictionary based on the given ``items``.</doc>
<status status="PASS" start="2026-03-17T22:38:36.963245" elapsed="0.000312"/>
</kw>
<kw name="Open Browser" owner="SeleniumLibrary">
<msg time="2026-03-17T22:38:36.963813" level="INFO">Opening browser 'chrome' to base url 'https://csse2669.cpkku.com'.</msg>
<arg>${URL}</arg>
<arg>${BROWSER}</arg>
<arg>options=add_experimental_option("prefs", ${prefs})</arg>
<doc>Opens a new browser instance to the optional ``url``.</doc>
<status status="PASS" start="2026-03-17T22:38:36.963646" elapsed="2.240422"/>
</kw>
<kw name="Maximize Browser Window" owner="SeleniumLibrary">
<doc>Maximizes current browser window.</doc>
<status status="PASS" start="2026-03-17T22:38:39.204328" elapsed="0.040837"/>
</kw>
<kw name="Set Selenium Speed" owner="SeleniumLibrary">
<arg>${DELAY}</arg>
<doc>Sets the delay that is waited after each Selenium command.</doc>
<status status="PASS" start="2026-03-17T22:38:39.245441" elapsed="0.000254"/>
</kw>
<doc>เปิดหน้าเว็บไซต์หลัก</doc>
<status status="PASS" start="2026-03-17T22:38:36.962546" elapsed="2.283213"/>
</kw>
<kw name="Go To Login Page" owner="common-resource">
<kw name="Click Go To Login Page" owner="common-resource">
<kw name="Sleep" owner="BuiltIn">
<msg time="2026-03-17T22:38:41.248568" level="INFO">Slept 2 seconds.</msg>
<arg>2</arg>
<doc>Pauses the test executed for the given time.</doc>
<status status="PASS" start="2026-03-17T22:38:39.247554" elapsed="2.001182"/>
</kw>
<kw name="Click Element" owner="SeleniumLibrary">
<msg time="2026-03-17T22:38:41.249114" level="INFO">Clicking element 'xpath=//a[@href="/login"]'.</msg>
<arg>xpath=//a[@href="/login"]</arg>
<doc>Click the element identified by ``locator``.</doc>
<status status="PASS" start="2026-03-17T22:38:41.248911" elapsed="0.082902"/>
</kw>
<status status="PASS" start="2026-03-17T22:38:39.247293" elapsed="2.084663"/>
</kw>
<kw name="Login Page Should Be Open" owner="common-resource">
<kw name="Wait Until Location Contains" owner="SeleniumLibrary">
<arg>${URL}/login</arg>
<arg>timeout=2s</arg>
<doc>Waits until the current URL contains ``expected``.</doc>
<status status="PASS" start="2026-03-17T22:38:41.332430" elapsed="0.006811"/>
</kw>
<kw name="Wait Until Element Is Visible" owner="SeleniumLibrary">
<arg>id=identifier</arg>
<arg>timeout=2s</arg>
<doc>Waits until the element ``locator`` is visible.</doc>
<status status="PASS" start="2026-03-17T22:38:41.339426" elapsed="0.014237"/>
</kw>
<kw name="Element Text Should Be" owner="SeleniumLibrary">
<msg time="2026-03-17T22:38:41.354159" level="INFO">Verifying element 'xpath=//main//h1' contains exact text 'เข้าสู่ระบบ'.</msg>
<arg>xpath=//main//h1</arg>
<arg>เข้าสู่ระบบ</arg>
<doc>Verifies that element ``locator`` contains exact the text ``expected``.</doc>
<status status="PASS" start="2026-03-17T22:38:41.353913" elapsed="0.019293"/>
</kw>
<status status="PASS" start="2026-03-17T22:38:41.332146" elapsed="0.041200"/>
</kw>
<doc>เปิดหน้าเข้าสู่ระบบ</doc>
<status status="PASS" start="2026-03-17T22:38:39.246792" elapsed="2.126602"/>
</kw>
<kw name="Login" owner="common-resource">
<kw name="Input Text" owner="SeleniumLibrary">
<msg time="2026-03-17T22:38:41.374174" level="INFO">Typing text 'AdminNokia' into text field 'id=identifier'.</msg>
<arg>id=identifier</arg>
<arg>${username}</arg>
<doc>Types the given ``text`` into the text field identified by ``locator``.</doc>
<status status="PASS" start="2026-03-17T22:38:41.373989" elapsed="0.065894"/>
</kw>
<kw name="Input Text" owner="SeleniumLibrary">
<msg time="2026-03-17T22:38:41.440343" level="INFO">Typing text 'adminnokia007xRovxMLBB' into text field 'id=password'.</msg>
<arg>id=password</arg>
<arg>${password}</arg>
<doc>Types the given ``text`` into the text field identified by ``locator``.</doc>
<status status="PASS" start="2026-03-17T22:38:41.440082" elapsed="0.051640"/>
</kw>
<kw name="Click Login Button" owner="common-resource">
<kw name="Click Button" owner="SeleniumLibrary">
<msg time="2026-03-17T22:38:41.492298" level="INFO">Clicking button 'เข้าสู่ระบบ'.</msg>
<arg>เข้าสู่ระบบ</arg>
<doc>Clicks the button identified by ``locator``.</doc>
<status status="PASS" start="2026-03-17T22:38:41.492150" elapsed="0.051639"/>
</kw>
<status status="PASS" start="2026-03-17T22:38:41.491929" elapsed="0.052004"/>
</kw>
<kw name="Sleep" owner="BuiltIn">
<msg time="2026-03-17T22:38:43.544868" level="INFO">Slept 2 seconds.</msg>
<arg>2s</arg>
<doc>Pauses the test executed for the given time.</doc>
<status status="PASS" start="2026-03-17T22:38:41.544148" elapsed="2.000834"/>
</kw>
<arg>${ADMIN_USERNAME}</arg>
<arg>${ADMIN_PASSWORD}</arg>
<doc>ลงทะเบียนผู้ใช้</doc>
<status status="PASS" start="2026-03-17T22:38:41.373693" elapsed="2.171383"/>
</kw>
<kw name="Admin Go To Log Page" owner="common-resource">
<kw name="Admin Click Dashboard" owner="common-resource">
<kw name="Hold Profile list" owner="common-resource">
<kw name="Scroll Element Into View" owner="SeleniumLibrary">
<arg>xpath=//div[contains(@class,"cursor-pointer")]</arg>
<doc>Scrolls the element identified by ``locator`` into view.</doc>
<status status="PASS" start="2026-03-17T22:38:43.545938" elapsed="0.276759"/>
</kw>
<status status="PASS" start="2026-03-17T22:38:43.545804" elapsed="0.276998"/>
</kw>
<kw name="Click Element" owner="SeleniumLibrary">
<msg time="2026-03-17T22:38:43.823130" level="INFO">Clicking element 'xpath=//a[@href="/admin/users"]'.</msg>
<arg>xpath=//a[@href="/admin/users"]</arg>
<doc>Click the element identified by ``locator``.</doc>
<status status="PASS" start="2026-03-17T22:38:43.822944" elapsed="0.045128"/>
</kw>
<kw name="Sleep" owner="BuiltIn">
<msg time="2026-03-17T22:38:45.869569" level="INFO">Slept 2 seconds.</msg>
<arg>2s</arg>
<doc>Pauses the test executed for the given time.</doc>
<status status="PASS" start="2026-03-17T22:38:43.868480" elapsed="2.001204"/>
</kw>
<status status="PASS" start="2026-03-17T22:38:43.545669" elapsed="2.324108"/>
</kw>
<kw name="Click Element" owner="SeleniumLibrary">
<msg time="2026-03-17T22:38:45.870084" level="INFO">Clicking element 'xpath=//a[@href="/admin/traffic-log"]'.</msg>
<arg>xpath=//a[@href="/admin/traffic-log"]</arg>
<doc>Click the element identified by ``locator``.</doc>
<status status="PASS" start="2026-03-17T22:38:45.869901" elapsed="0.043578"/>
</kw>
<kw name="Log Page Should Be Open" owner="common-resource">
<kw name="Wait Until Location Contains" owner="SeleniumLibrary">
<arg>${URL}/admin/traffic-log</arg>
<arg>timeout=2s</arg>
<doc>Waits until the current URL contains ``expected``.</doc>
<status status="PASS" start="2026-03-17T22:38:45.913964" elapsed="0.223909"/>
</kw>
<status status="PASS" start="2026-03-17T22:38:45.913716" elapsed="0.224257"/>
</kw>
<doc>เปิดหน้า log</doc>
<status status="PASS" start="2026-03-17T22:38:43.545445" elapsed="2.592572"/>
</kw>
<kw name="Admin Filter Log With Startdatetime" owner="common-resource">
<kw name="Wait Until Element Is Visible" owner="SeleniumLibrary">
<arg>id=userID</arg>
<arg>5s</arg>
<doc>Waits until the element ``locator`` is visible.</doc>
<status status="PASS" start="2026-03-17T22:38:46.138847" elapsed="0.023236"/>
</kw>
<kw name="Input Text" owner="SeleniumLibrary">
<msg time="2026-03-17T22:38:46.162496" level="INFO">Typing text '01012026' into text field 'id=startTime'.</msg>
<arg>id=startTime</arg>
<arg>${startdate}</arg>
<doc>Types the given ``text`` into the text field identified by ``locator``.</doc>
<status status="PASS" start="2026-03-17T22:38:46.162266" elapsed="0.046672"/>
</kw>
<kw name="Press Keys" owner="SeleniumLibrary">
<msg time="2026-03-17T22:38:46.210289" level="INFO">Sending key(s) ('TAB',) to page.</msg>
<msg time="2026-03-17T22:38:46.210363" level="INFO">Pressing special key TAB to browser.</msg>
<msg time="2026-03-17T22:38:46.210392" level="INFO">Releasing special key TAB.</msg>
<arg>NONE</arg>
<arg>TAB</arg>
<doc>Simulates the user pressing key(s) to an element or on the active browser.</doc>
<status status="PASS" start="2026-03-17T22:38:46.209618" elapsed="0.004176"/>
</kw>
<kw name="Input Text" owner="SeleniumLibrary">
<msg time="2026-03-17T22:38:46.214159" level="INFO">Typing text '1139AM' into text field 'id=startTime'.</msg>
<arg>id=startTime</arg>
<arg>${starttime}</arg>
<doc>Types the given ``text`` into the text field identified by ``locator``.</doc>
<status status="PASS" start="2026-03-17T22:38:46.213933" elapsed="0.046412"/>
</kw>
<kw name="Sleep" owner="BuiltIn">
<msg time="2026-03-17T22:38:48.261211" level="INFO">Slept 2 seconds.</msg>
<arg>2s</arg>
<doc>Pauses the test executed for the given time.</doc>
<status status="PASS" start="2026-03-17T22:38:46.260542" elapsed="2.000792"/>
</kw>
<arg>${startdate}</arg>
<arg>${starttime}</arg>
<status status="PASS" start="2026-03-17T22:38:46.138297" elapsed="2.123133"/>
</kw>
<kw name="Admin Filter Log With Enddatetime" owner="common-resource">
<kw name="Wait Until Element Is Visible" owner="SeleniumLibrary">
<arg>id=userID</arg>
<arg>5s</arg>
<doc>Waits until the element ``locator`` is visible.</doc>
<status status="PASS" start="2026-03-17T22:38:48.262064" elapsed="0.010256"/>
</kw>
<kw name="Input Text" owner="SeleniumLibrary">
<msg time="2026-03-17T22:38:48.272678" level="INFO">Typing text '05052026' into text field 'id=endTime'.</msg>
<arg>id=endTime</arg>
<arg>${enddate}</arg>
<doc>Types the given ``text`` into the text field identified by ``locator``.</doc>
<status status="PASS" start="2026-03-17T22:38:48.272475" elapsed="0.041973"/>
</kw>
<kw name="Press Keys" owner="SeleniumLibrary">
<msg time="2026-03-17T22:38:48.315221" level="INFO">Sending key(s) ('TAB',) to page.</msg>
<msg time="2026-03-17T22:38:48.315287" level="INFO">Pressing special key TAB to browser.</msg>
<msg time="2026-03-17T22:38:48.315317" level="INFO">Releasing special key TAB.</msg>
<arg>NONE</arg>
<arg>TAB</arg>
<doc>Simulates the user pressing key(s) to an element or on the active browser.</doc>
<status status="PASS" start="2026-03-17T22:38:48.314855" elapsed="0.004282"/>
</kw>
<kw name="Input Text" owner="SeleniumLibrary">
<msg time="2026-03-17T22:38:48.319548" level="INFO">Typing text '1139AM' into text field 'id=endTime'.</msg>
<arg>id=endTime</arg>
<arg>${endtime}</arg>
<doc>Types the given ``text`` into the text field identified by ``locator``.</doc>
<status status="PASS" start="2026-03-17T22:38:48.319350" elapsed="0.037686"/>
</kw>
<kw name="Sleep" owner="BuiltIn">
<msg time="2026-03-17T22:38:50.357832" level="INFO">Slept 2 seconds.</msg>
<arg>2s</arg>
<doc>Pauses the test executed for the given time.</doc>
<status status="PASS" start="2026-03-17T22:38:48.357214" elapsed="2.000763"/>
</kw>
<arg>${enddate}</arg>
<arg>${endtime}</arg>
<status status="PASS" start="2026-03-17T22:38:48.261782" elapsed="2.096316"/>
</kw>
<kw name="Admin Click Filter Button" owner="common-resource">
<kw name="Click Button" owner="SeleniumLibrary">
<msg time="2026-03-17T22:38:50.359349" level="INFO">Clicking button 'id=applyFilters'.</msg>
<arg>id=applyFilters</arg>
<doc>Clicks the button identified by ``locator``.</doc>
<status status="PASS" start="2026-03-17T22:38:50.359142" elapsed="0.054174"/>
</kw>
<kw name="Sleep" owner="BuiltIn">
<msg time="2026-03-17T22:38:52.414497" level="INFO">Slept 2 seconds.</msg>
<arg>2s</arg>
<doc>Pauses the test executed for the given time.</doc>
<status status="PASS" start="2026-03-17T22:38:50.413493" elapsed="2.001290"/>
</kw>
<status status="PASS" start="2026-03-17T22:38:50.358776" elapsed="2.056154"/>
</kw>
<kw name="Admin Check Traffic-Log First Row Is Within Upper Bound" owner="datetime-resource">
<kw name="Convert Input To Datetime" owner="datetime_check">
<msg time="2026-03-17T22:38:52.415911" level="INFO">${upper_bound} = 2026-05-05 11:39:00</msg>
<var>${upper_bound}</var>
<arg>${enddate}</arg>
<arg>${endtime}</arg>
<status status="PASS" start="2026-03-17T22:38:52.415737" elapsed="0.000201"/>
</kw>
<kw name="Get Text" owner="SeleniumLibrary">
<msg time="2026-03-17T22:38:52.432372" level="INFO">${first_row_text} = 17 มี.ค. 2569 22:37:14</msg>
<var>${first_row_text}</var>
<arg>xpath=//table/tbody/tr[1]/td[2]</arg>
<doc>Returns the text value of the element identified by ``locator``.</doc>
<status status="PASS" start="2026-03-17T22:38:52.416022" elapsed="0.016395"/>
</kw>
<kw name="Convert Thai Table Time To Datetime" owner="datetime_check">
<msg time="2026-03-17T22:38:52.432772" level="INFO">${first_row_dt} = 2026-03-17 22:37:14</msg>
<var>${first_row_dt}</var>
<arg>${first_row_text}</arg>
<status status="PASS" start="2026-03-17T22:38:52.432572" elapsed="0.000222"/>
</kw>
<kw name="Should Be True" owner="BuiltIn">
<arg>'${first_row_dt}' &lt;= '${upper_bound}'</arg>
<arg>msg=แถวแรกเกินเวลาที่กำหนด (${first_row_text} &gt; ขอบเขตบน)</arg>
<doc>Fails if the given condition is not true.</doc>
<status status="PASS" start="2026-03-17T22:38:52.432879" elapsed="0.000412"/>
</kw>
<arg>${enddate}</arg>
<arg>${endtime}</arg>
<status status="PASS" start="2026-03-17T22:38:52.415434" elapsed="0.017929"/>
</kw>
<kw name="Close All Browsers" owner="SeleniumLibrary" type="TEARDOWN">
<doc>Closes all open browsers and resets the browser cache.</doc>
<status status="PASS" start="2026-03-17T22:38:52.433647" elapsed="2.201282"/>
</kw>
<status status="PASS" start="2026-03-17T22:38:36.961893" elapsed="17.673864"/>
</test>
<test id="s1-t5" name="TC01-05 Login Admin And Filter Log By UserID And Datetime" line="59">
<kw name="Open Main Page" owner="common-resource" type="SETUP">
<kw name="Create Directory" owner="OperatingSystem">
<msg time="2026-03-17T22:38:54.637788" level="INFO" html="true">Directory '&lt;a href="file://D:\663380022-3_3.2\Software_En\Project\current\PaiNamNaeWebAppSec2_6\test\sprint3\Resource\downloads"&gt;D:\663380022-3_3.2\Software_En\Project\current\PaiNamNaeWebAppSec2_6\test\sprint3\Resource\downloads&lt;/a&gt;' already exists.</msg>
<arg>${DOWNLOAD_PATH}</arg>
<doc>Creates the specified directory.</doc>
<status status="PASS" start="2026-03-17T22:38:54.637500" elapsed="0.000341"/>
</kw>
<kw name="Create Dictionary" owner="BuiltIn">
<msg time="2026-03-17T22:38:54.638267" level="INFO">${prefs} = {'download.default_directory': 'D:\\663380022-3_3.2\\Software_En\\Project\\current\\PaiNamNaeWebAppSec2_6\\test\\sprint3\\Resource\\downloads'}</msg>
<var>${prefs}</var>
<arg>download.default_directory=${DOWNLOAD_PATH}</arg>
<doc>Creates and returns a dictionary based on the given ``items``.</doc>
<status status="PASS" start="2026-03-17T22:38:54.637960" elapsed="0.000327"/>
</kw>
<kw name="Open Browser" owner="SeleniumLibrary">
<msg time="2026-03-17T22:38:54.638562" level="INFO">Opening browser 'chrome' to base url 'https://csse2669.cpkku.com'.</msg>
<arg>${URL}</arg>
<arg>${BROWSER}</arg>
<arg>options=add_experimental_option("prefs", ${prefs})</arg>
<doc>Opens a new browser instance to the optional ``url``.</doc>
<status status="PASS" start="2026-03-17T22:38:54.638385" elapsed="2.369837"/>
</kw>
<kw name="Maximize Browser Window" owner="SeleniumLibrary">
<doc>Maximizes current browser window.</doc>
<status status="PASS" start="2026-03-17T22:38:57.008409" elapsed="0.023751"/>
</kw>
<kw name="Set Selenium Speed" owner="SeleniumLibrary">
<arg>${DELAY}</arg>
<doc>Sets the delay that is waited after each Selenium command.</doc>
<status status="PASS" start="2026-03-17T22:38:57.032338" elapsed="0.000234"/>
</kw>
<doc>เปิดหน้าเว็บไซต์หลัก</doc>
<status status="PASS" start="2026-03-17T22:38:54.637303" elapsed="2.395333"/>
</kw>
<kw name="Go To Login Page" owner="common-resource">
<kw name="Click Go To Login Page" owner="common-resource">
<kw name="Sleep" owner="BuiltIn">
<msg time="2026-03-17T22:38:59.034306" level="INFO">Slept 2 seconds.</msg>
<arg>2</arg>
<doc>Pauses the test executed for the given time.</doc>
<status status="PASS" start="2026-03-17T22:38:57.033464" elapsed="2.000999"/>
</kw>
<kw name="Click Element" owner="SeleniumLibrary">
<msg time="2026-03-17T22:38:59.034930" level="INFO">Clicking element 'xpath=//a[@href="/login"]'.</msg>
<arg>xpath=//a[@href="/login"]</arg>
<doc>Click the element identified by ``locator``.</doc>
<status status="PASS" start="2026-03-17T22:38:59.034713" elapsed="0.077867"/>
</kw>
<status status="PASS" start="2026-03-17T22:38:57.033313" elapsed="2.079611"/>
</kw>
<kw name="Login Page Should Be Open" owner="common-resource">
<kw name="Wait Until Location Contains" owner="SeleniumLibrary">
<arg>${URL}/login</arg>
<arg>timeout=2s</arg>
<doc>Waits until the current URL contains ``expected``.</doc>
<status status="PASS" start="2026-03-17T22:38:59.113628" elapsed="0.010355"/>
</kw>
<kw name="Wait Until Element Is Visible" owner="SeleniumLibrary">
<arg>id=identifier</arg>
<arg>timeout=2s</arg>
<doc>Waits until the element ``locator`` is visible.</doc>
<status status="PASS" start="2026-03-17T22:38:59.124343" elapsed="0.015544"/>
</kw>
<kw name="Element Text Should Be" owner="SeleniumLibrary">
<msg time="2026-03-17T22:38:59.140279" level="INFO">Verifying element 'xpath=//main//h1' contains exact text 'เข้าสู่ระบบ'.</msg>
<arg>xpath=//main//h1</arg>
<arg>เข้าสู่ระบบ</arg>
<doc>Verifies that element ``locator`` contains exact the text ``expected``.</doc>
<status status="PASS" start="2026-03-17T22:38:59.140078" elapsed="0.029702"/>
</kw>
<status status="PASS" start="2026-03-17T22:38:59.113247" elapsed="0.056643"/>
</kw>
<doc>เปิดหน้าเข้าสู่ระบบ</doc>
<status status="PASS" start="2026-03-17T22:38:57.033000" elapsed="2.136934"/>
</kw>
<kw name="Login" owner="common-resource">
<kw name="Input Text" owner="SeleniumLibrary">
<msg time="2026-03-17T22:38:59.170704" level="INFO">Typing text 'AdminNokia' into text field 'id=identifier'.</msg>
<arg>id=identifier</arg>
<arg>${username}</arg>
<doc>Types the given ``text`` into the text field identified by ``locator``.</doc>
<status status="PASS" start="2026-03-17T22:38:59.170533" elapsed="0.085493"/>
</kw>
<kw name="Input Text" owner="SeleniumLibrary">
<msg time="2026-03-17T22:38:59.257803" level="INFO">Typing text 'adminnokia007xRovxMLBB' into text field 'id=password'.</msg>
<arg>id=password</arg>
<arg>${password}</arg>
<doc>Types the given ``text`` into the text field identified by ``locator``.</doc>
<status status="PASS" start="2026-03-17T22:38:59.256941" elapsed="0.051230"/>
</kw>
<kw name="Click Login Button" owner="common-resource">
<kw name="Click Button" owner="SeleniumLibrary">
<msg time="2026-03-17T22:38:59.308750" level="INFO">Clicking button 'เข้าสู่ระบบ'.</msg>
<arg>เข้าสู่ระบบ</arg>
<doc>Clicks the button identified by ``locator``.</doc>
<status status="PASS" start="2026-03-17T22:38:59.308606" elapsed="0.050540"/>
</kw>
<status status="PASS" start="2026-03-17T22:38:59.308381" elapsed="0.050912"/>
</kw>
<kw name="Sleep" owner="BuiltIn">
<msg time="2026-03-17T22:39:01.360269" level="INFO">Slept 2 seconds.</msg>
<arg>2s</arg>
<doc>Pauses the test executed for the given time.</doc>
<status status="PASS" start="2026-03-17T22:38:59.359415" elapsed="2.000992"/>
</kw>
<arg>${ADMIN_USERNAME}</arg>
<arg>${ADMIN_PASSWORD}</arg>
<doc>ลงทะเบียนผู้ใช้</doc>
<status status="PASS" start="2026-03-17T22:38:59.170244" elapsed="2.190262"/>
</kw>
<kw name="Admin Go To Log Page" owner="common-resource">
<kw name="Admin Click Dashboard" owner="common-resource">
<kw name="Hold Profile list" owner="common-resource">
<kw name="Scroll Element Into View" owner="SeleniumLibrary">
<arg>xpath=//div[contains(@class,"cursor-pointer")]</arg>
<doc>Scrolls the element identified by ``locator`` into view.</doc>
<status status="PASS" start="2026-03-17T22:39:01.361498" elapsed="0.286346"/>
</kw>
<status status="PASS" start="2026-03-17T22:39:01.361351" elapsed="0.286621"/>
</kw>
<kw name="Click Element" owner="SeleniumLibrary">
<msg time="2026-03-17T22:39:01.648300" level="INFO">Clicking element 'xpath=//a[@href="/admin/users"]'.</msg>
<arg>xpath=//a[@href="/admin/users"]</arg>
<doc>Click the element identified by ``locator``.</doc>
<status status="PASS" start="2026-03-17T22:39:01.648114" elapsed="0.041706"/>
</kw>
<kw name="Sleep" owner="BuiltIn">
<msg time="2026-03-17T22:39:03.690874" level="INFO">Slept 2 seconds.</msg>
<arg>2s</arg>
<doc>Pauses the test executed for the given time.</doc>
<status status="PASS" start="2026-03-17T22:39:01.690061" elapsed="2.000931"/>
</kw>
<status status="PASS" start="2026-03-17T22:39:01.361183" elapsed="2.329905"/>
</kw>
<kw name="Click Element" owner="SeleniumLibrary">
<msg time="2026-03-17T22:39:03.691398" level="INFO">Clicking element 'xpath=//a[@href="/admin/traffic-log"]'.</msg>
<arg>xpath=//a[@href="/admin/traffic-log"]</arg>
<doc>Click the element identified by ``locator``.</doc>
<status status="PASS" start="2026-03-17T22:39:03.691212" elapsed="0.048222"/>
</kw>
<kw name="Log Page Should Be Open" owner="common-resource">
<kw name="Wait Until Location Contains" owner="SeleniumLibrary">
<arg>${URL}/admin/traffic-log</arg>
<arg>timeout=2s</arg>
<doc>Waits until the current URL contains ``expected``.</doc>
<status status="PASS" start="2026-03-17T22:39:03.739894" elapsed="0.209769"/>
</kw>
<status status="PASS" start="2026-03-17T22:39:03.739651" elapsed="0.210122"/>
</kw>
<doc>เปิดหน้า log</doc>
<status status="PASS" start="2026-03-17T22:39:01.360915" elapsed="2.588902"/>
</kw>
<kw name="Admin Filter With ID" owner="common-resource">
<kw name="Wait Until Element Is Visible" owner="SeleniumLibrary">
<arg>id=userID</arg>
<arg>timeout=5s</arg>
<doc>Waits until the element ``locator`` is visible.</doc>
<status status="PASS" start="2026-03-17T22:39:03.950379" elapsed="0.013687"/>
</kw>
<kw name="Wait Until Element Is Enabled" owner="SeleniumLibrary">
<arg>id=userID</arg>
<arg>timeout=5s</arg>
<doc>Waits until the element ``locator`` is enabled.</doc>
<status status="PASS" start="2026-03-17T22:39:03.964310" elapsed="0.026944"/>
</kw>
<kw name="Input Text" owner="SeleniumLibrary">
<msg time="2026-03-17T22:39:03.991661" level="INFO">Typing text 'cmmaqoiy8000a23jry6jcccf5' into text field 'id=userID'.</msg>
<arg>id=userID</arg>
<arg>${userid}</arg>
<doc>Types the given ``text`` into the text field identified by ``locator``.</doc>
<status status="PASS" start="2026-03-17T22:39:03.991435" elapsed="0.066940"/>
</kw>
<kw name="Sleep" owner="BuiltIn">
<msg time="2026-03-17T22:39:06.059122" level="INFO">Slept 2 seconds.</msg>
<arg>2s</arg>
<doc>Pauses the test executed for the given time.</doc>
<status status="PASS" start="2026-03-17T22:39:04.058562" elapsed="2.000681"/>
</kw>
<arg>${TEST_USER_ID}</arg>
<status status="PASS" start="2026-03-17T22:39:03.950111" elapsed="2.109233"/>
</kw>
<kw name="Admin Filter Log With Startdatetime" owner="common-resource">
<kw name="Wait Until Element Is Visible" owner="SeleniumLibrary">
<arg>id=userID</arg>
<arg>5s</arg>
<doc>Waits until the element ``locator`` is visible.</doc>
<status status="PASS" start="2026-03-17T22:39:06.060083" elapsed="0.011792"/>
</kw>
<kw name="Input Text" owner="SeleniumLibrary">
<msg time="2026-03-17T22:39:06.072240" level="INFO">Typing text '01012026' into text field 'id=startTime'.</msg>
<arg>id=startTime</arg>
<arg>${startdate}</arg>
<doc>Types the given ``text`` into the text field identified by ``locator``.</doc>
<status status="PASS" start="2026-03-17T22:39:06.072033" elapsed="0.041831"/>
</kw>
<kw name="Press Keys" owner="SeleniumLibrary">
<msg time="2026-03-17T22:39:06.114400" level="INFO">Sending key(s) ('TAB',) to page.</msg>
<msg time="2026-03-17T22:39:06.114470" level="INFO">Pressing special key TAB to browser.</msg>
<msg time="2026-03-17T22:39:06.114501" level="INFO">Releasing special key TAB.</msg>
<arg>NONE</arg>
<arg>TAB</arg>
<doc>Simulates the user pressing key(s) to an element or on the active browser.</doc>
<status status="PASS" start="2026-03-17T22:39:06.114051" elapsed="0.003638"/>
</kw>
<kw name="Input Text" owner="SeleniumLibrary">
<msg time="2026-03-17T22:39:06.118030" level="INFO">Typing text '1139AM' into text field 'id=startTime'.</msg>
<arg>id=startTime</arg>
<arg>${starttime}</arg>
<doc>Types the given ``text`` into the text field identified by ``locator``.</doc>
<status status="PASS" start="2026-03-17T22:39:06.117828" elapsed="0.038014"/>
</kw>
<kw name="Sleep" owner="BuiltIn">
<msg time="2026-03-17T22:39:08.156666" level="INFO">Slept 2 seconds.</msg>
<arg>2s</arg>
<doc>Pauses the test executed for the given time.</doc>
<status status="PASS" start="2026-03-17T22:39:06.156025" elapsed="2.000760"/>
</kw>
<arg>${startdate}</arg>
<arg>${starttime}</arg>
<status status="PASS" start="2026-03-17T22:39:06.059797" elapsed="2.097096"/>
</kw>
<kw name="Admin Filter Log With Enddatetime" owner="common-resource">
<kw name="Wait Until Element Is Visible" owner="SeleniumLibrary">
<arg>id=userID</arg>
<arg>5s</arg>
<doc>Waits until the element ``locator`` is visible.</doc>
<status status="PASS" start="2026-03-17T22:39:08.157601" elapsed="0.009286"/>
</kw>
<kw name="Input Text" owner="SeleniumLibrary">
<msg time="2026-03-17T22:39:08.167236" level="INFO">Typing text '05052026' into text field 'id=endTime'.</msg>
<arg>id=endTime</arg>
<arg>${enddate}</arg>
<doc>Types the given ``text`` into the text field identified by ``locator``.</doc>
<status status="PASS" start="2026-03-17T22:39:08.167034" elapsed="0.044629"/>
</kw>
<kw name="Press Keys" owner="SeleniumLibrary">
<msg time="2026-03-17T22:39:08.212195" level="INFO">Sending key(s) ('TAB',) to page.</msg>
<msg time="2026-03-17T22:39:08.212266" level="INFO">Pressing special key TAB to browser.</msg>
<msg time="2026-03-17T22:39:08.212295" level="INFO">Releasing special key TAB.</msg>
<arg>NONE</arg>
<arg>TAB</arg>
<doc>Simulates the user pressing key(s) to an element or on the active browser.</doc>
<status status="PASS" start="2026-03-17T22:39:08.211860" elapsed="0.005372"/>
</kw>
<kw name="Input Text" owner="SeleniumLibrary">
<msg time="2026-03-17T22:39:08.217624" level="INFO">Typing text '1139AM' into text field 'id=endTime'.</msg>
<arg>id=endTime</arg>
<arg>${endtime}</arg>
<doc>Types the given ``text`` into the text field identified by ``locator``.</doc>
<status status="PASS" start="2026-03-17T22:39:08.217405" elapsed="0.041618"/>
</kw>
<kw name="Sleep" owner="BuiltIn">
<msg time="2026-03-17T22:39:10.259833" level="INFO">Slept 2 seconds.</msg>
<arg>2s</arg>
<doc>Pauses the test executed for the given time.</doc>
<status status="PASS" start="2026-03-17T22:39:08.259235" elapsed="2.000717"/>
</kw>
<arg>${enddate}</arg>
<arg>${endtime}</arg>
<status status="PASS" start="2026-03-17T22:39:08.157267" elapsed="2.102780"/>
</kw>
<kw name="Admin Click Filter Button" owner="common-resource">
<kw name="Click Button" owner="SeleniumLibrary">
<msg time="2026-03-17T22:39:10.260836" level="INFO">Clicking button 'id=applyFilters'.</msg>
<arg>id=applyFilters</arg>
<doc>Clicks the button identified by ``locator``.</doc>
<status status="PASS" start="2026-03-17T22:39:10.260658" elapsed="0.049614"/>
</kw>
<kw name="Sleep" owner="BuiltIn">
<msg time="2026-03-17T22:39:12.310896" level="INFO">Slept 2 seconds.</msg>
<arg>2s</arg>
<doc>Pauses the test executed for the given time.</doc>
<status status="PASS" start="2026-03-17T22:39:10.310447" elapsed="2.000568"/>
</kw>
<status status="PASS" start="2026-03-17T22:39:10.260417" elapsed="2.050724"/>
</kw>
<kw name="Admin Check Traffic-Log First Row Is Within Upper Bound" owner="datetime-resource">
<kw name="Convert Input To Datetime" owner="datetime_check">
[...]
<arg>timeout=2s</arg>
<doc>Waits until the current URL contains ``expected``.</doc>
<status status="PASS" start="2026-03-17T22:39:54.278286" elapsed="0.026426"/>
</kw>
<kw name="Wait Until Element Is Visible" owner="SeleniumLibrary">
<arg>id=identifier</arg>
<arg>timeout=2s</arg>
<doc>Waits until the element ``locator`` is visible.</doc>
<status status="PASS" start="2026-03-17T22:39:54.305253" elapsed="0.014975"/>
</kw>
<kw name="Element Text Should Be" owner="SeleniumLibrary">
<msg time="2026-03-17T22:39:54.320616" level="INFO">Verifying element 'xpath=//main//h1' contains exact text 'เข้าสู่ระบบ'.</msg>
<arg>xpath=//main//h1</arg>
<arg>เข้าสู่ระบบ</arg>
<doc>Verifies that element ``locator`` contains exact the text ``expected``.</doc>
<status status="PASS" start="2026-03-17T22:39:54.320413" elapsed="0.019942"/>
</kw>
<status status="PASS" start="2026-03-17T22:39:54.278066" elapsed="0.062397"/>
</kw>
<doc>เปิดหน้าเข้าสู่ระบบ</doc>
<status status="PASS" start="2026-03-17T22:39:52.210229" elapsed="2.130282"/>
</kw>
<kw name="Login" owner="common-resource">
<kw name="Input Text" owner="SeleniumLibrary">
<msg time="2026-03-17T22:39:54.341251" level="INFO">Typing text 'AdminNokia' into text field 'id=identifier'.</msg>
<arg>id=identifier</arg>
<arg>${username}</arg>
<doc>Types the given ``text`` into the text field identified by ``locator``.</doc>
<status status="PASS" start="2026-03-17T22:39:54.341078" elapsed="0.062498"/>
</kw>
<kw name="Input Text" owner="SeleniumLibrary">
<msg time="2026-03-17T22:39:54.404035" level="INFO">Typing text 'adminnokia007xRovxMLBB' into text field 'id=password'.</msg>
<arg>id=password</arg>
<arg>${password}</arg>
<doc>Types the given ``text`` into the text field identified by ``locator``.</doc>
<status status="PASS" start="2026-03-17T22:39:54.403768" elapsed="0.052717"/>
</kw>
<kw name="Click Login Button" owner="common-resource">
<kw name="Click Button" owner="SeleniumLibrary">
<msg time="2026-03-17T22:39:54.457527" level="INFO">Clicking button 'เข้าสู่ระบบ'.</msg>
<arg>เข้าสู่ระบบ</arg>
<doc>Clicks the button identified by ``locator``.</doc>
<status status="PASS" start="2026-03-17T22:39:54.457359" elapsed="0.063780"/>
</kw>
<status status="PASS" start="2026-03-17T22:39:54.456957" elapsed="0.064307"/>
</kw>
<kw name="Sleep" owner="BuiltIn">
<msg time="2026-03-17T22:39:56.522391" level="INFO">Slept 2 seconds.</msg>
<arg>2s</arg>
<doc>Pauses the test executed for the given time.</doc>
<status status="PASS" start="2026-03-17T22:39:54.521385" elapsed="2.001127"/>
</kw>
<arg>${ADMIN_USERNAME}</arg>
<arg>${ADMIN_PASSWORD}</arg>
<doc>ลงทะเบียนผู้ใช้</doc>
<status status="PASS" start="2026-03-17T22:39:54.340789" elapsed="2.181824"/>
</kw>
<kw name="Admin Go To ExportLog Page" owner="common-resource">
<kw name="Admin Click Dashboard" owner="common-resource">
<kw name="Hold Profile list" owner="common-resource">
<kw name="Scroll Element Into View" owner="SeleniumLibrary">
<arg>xpath=//div[contains(@class,"cursor-pointer")]</arg>
<doc>Scrolls the element identified by ``locator`` into view.</doc>
<status status="PASS" start="2026-03-17T22:39:56.523508" elapsed="0.282328"/>
</kw>
<status status="PASS" start="2026-03-17T22:39:56.523359" elapsed="0.282602"/>
</kw>
<kw name="Click Element" owner="SeleniumLibrary">
<msg time="2026-03-17T22:39:56.806708" level="INFO">Clicking element 'xpath=//a[@href="/admin/users"]'.</msg>
<arg>xpath=//a[@href="/admin/users"]</arg>
<doc>Click the element identified by ``locator``.</doc>
<status status="PASS" start="2026-03-17T22:39:56.806228" elapsed="0.044921"/>
</kw>
<kw name="Sleep" owner="BuiltIn">
<msg time="2026-03-17T22:39:58.852085" level="INFO">Slept 2 seconds.</msg>
<arg>2s</arg>
<doc>Pauses the test executed for the given time.</doc>
<status status="PASS" start="2026-03-17T22:39:56.851334" elapsed="2.000871"/>
</kw>
<status status="PASS" start="2026-03-17T22:39:56.523212" elapsed="2.329087"/>
</kw>
<kw name="Click Element" owner="SeleniumLibrary">
<msg time="2026-03-17T22:39:58.852623" level="INFO">Clicking element 'xpath=//a[@href="/admin/export-log"]'.</msg>
<arg>xpath=//a[@href="/admin/export-log"]</arg>
<doc>Click the element identified by ``locator``.</doc>
<status status="PASS" start="2026-03-17T22:39:58.852429" elapsed="0.042966"/>
</kw>
<kw name="ExportLog Page Should Be Open" owner="common-resource">
<kw name="Wait Until Location Contains" owner="SeleniumLibrary">
<arg>${URL}/admin/export-log</arg>
<arg>timeout=2s</arg>
<doc>Waits until the current URL contains ``expected``.</doc>
<status status="PASS" start="2026-03-17T22:39:58.896254" elapsed="0.018338"/>
</kw>
<status status="PASS" start="2026-03-17T22:39:58.895797" elapsed="0.018940"/>
</kw>
<kw name="Wait Until Element Is Visible" owner="SeleniumLibrary">
<arg>id=details</arg>
<arg>timeout=10s</arg>
<doc>Waits until the element ``locator`` is visible.</doc>
<status status="PASS" start="2026-03-17T22:39:58.915299" elapsed="0.634752"/>
</kw>
<doc>เปิดหน้า Exportlog</doc>
<status status="PASS" start="2026-03-17T22:39:56.522982" elapsed="3.027185"/>
</kw>
<kw name="Admin Click Detail Button" owner="common-resource">
<kw name="Click Button" owner="SeleniumLibrary">
<msg time="2026-03-17T22:39:59.550873" level="INFO">Clicking button 'id=details'.</msg>
<arg>id=details</arg>
<doc>Clicks the button identified by ``locator``.</doc>
<status status="PASS" start="2026-03-17T22:39:59.550700" elapsed="0.289987"/>
</kw>
<status status="PASS" start="2026-03-17T22:39:59.550456" elapsed="0.290334"/>
</kw>
<kw name="Sleep" owner="BuiltIn">
<msg time="2026-03-17T22:40:09.841679" level="INFO">Slept 10 seconds.</msg>
<arg>10s</arg>
<doc>Pauses the test executed for the given time.</doc>
<status status="PASS" start="2026-03-17T22:39:59.841083" elapsed="10.000717"/>
</kw>
<kw name="Element Should Contain" owner="SeleniumLibrary">
<msg time="2026-03-17T22:40:09.855644" level="INFO">Element 'xpath=//h2' contains text 'รายละเอียด Export Log'.</msg>
<arg>xpath=//h2</arg>
<arg>รายละเอียด Export Log</arg>
<doc>Verifies that element ``locator`` contains text ``expected``.</doc>
<status status="PASS" start="2026-03-17T22:40:09.842191" elapsed="0.013546"/>
</kw>
<kw name="Close All Browsers" owner="SeleniumLibrary" type="TEARDOWN">
<doc>Closes all open browsers and resets the browser cache.</doc>
<status status="PASS" start="2026-03-17T22:40:09.856091" elapsed="2.210299"/>
</kw>
<status status="PASS" start="2026-03-17T22:39:49.907825" elapsed="22.158917"/>
</test>
<test id="s1-t9" name="TC01-09 Login Admin Filter Log By Datetime And Export file" line="95">
<kw name="Open Main Page" owner="common-resource" type="SETUP">
<kw name="Create Directory" owner="OperatingSystem">
<msg time="2026-03-17T22:40:12.068299" level="INFO" html="true">Directory '&lt;a href="file://D:\663380022-3_3.2\Software_En\Project\current\PaiNamNaeWebAppSec2_6\test\sprint3\Resource\downloads"&gt;D:\663380022-3_3.2\Software_En\Project\current\PaiNamNaeWebAppSec2_6\test\sprint3\Resource\downloads&lt;/a&gt;' already exists.</msg>
<arg>${DOWNLOAD_PATH}</arg>
<doc>Creates the specified directory.</doc>
<status status="PASS" start="2026-03-17T22:40:12.067973" elapsed="0.000391"/>
</kw>
<kw name="Create Dictionary" owner="BuiltIn">
<msg time="2026-03-17T22:40:12.068819" level="INFO">${prefs} = {'download.default_directory': 'D:\\663380022-3_3.2\\Software_En\\Project\\current\\PaiNamNaeWebAppSec2_6\\test\\sprint3\\Resource\\downloads'}</msg>
<var>${prefs}</var>
<arg>download.default_directory=${DOWNLOAD_PATH}</arg>
<doc>Creates and returns a dictionary based on the given ``items``.</doc>
<status status="PASS" start="2026-03-17T22:40:12.068507" elapsed="0.000334"/>
</kw>
<kw name="Open Browser" owner="SeleniumLibrary">
<msg time="2026-03-17T22:40:12.069113" level="INFO">Opening browser 'chrome' to base url 'https://csse2669.cpkku.com'.</msg>
<arg>${URL}</arg>
<arg>${BROWSER}</arg>
<arg>options=add_experimental_option("prefs", ${prefs})</arg>
<doc>Opens a new browser instance to the optional ``url``.</doc>
<status status="PASS" start="2026-03-17T22:40:12.068935" elapsed="2.479308"/>
</kw>
<kw name="Maximize Browser Window" owner="SeleniumLibrary">
<doc>Maximizes current browser window.</doc>
<status status="PASS" start="2026-03-17T22:40:14.548459" elapsed="0.036536"/>
</kw>
<kw name="Set Selenium Speed" owner="SeleniumLibrary">
<arg>${DELAY}</arg>
<doc>Sets the delay that is waited after each Selenium command.</doc>
<status status="PASS" start="2026-03-17T22:40:14.585353" elapsed="0.000356"/>
</kw>
<doc>เปิดหน้าเว็บไซต์หลัก</doc>
<status status="PASS" start="2026-03-17T22:40:12.067761" elapsed="2.518016"/>
</kw>
<kw name="Go To Login Page" owner="common-resource">
<kw name="Click Go To Login Page" owner="common-resource">
<kw name="Sleep" owner="BuiltIn">
<msg time="2026-03-17T22:40:16.588263" level="INFO">Slept 2 seconds.</msg>
<arg>2</arg>
<doc>Pauses the test executed for the given time.</doc>
<status status="PASS" start="2026-03-17T22:40:14.586770" elapsed="2.001616"/>
</kw>
<kw name="Click Element" owner="SeleniumLibrary">
<msg time="2026-03-17T22:40:16.588750" level="INFO">Clicking element 'xpath=//a[@href="/login"]'.</msg>
<arg>xpath=//a[@href="/login"]</arg>
<doc>Click the element identified by ``locator``.</doc>
<status status="PASS" start="2026-03-17T22:40:16.588556" elapsed="0.078678"/>
</kw>
<status status="PASS" start="2026-03-17T22:40:14.586605" elapsed="2.080745"/>
</kw>
<kw name="Login Page Should Be Open" owner="common-resource">
<kw name="Wait Until Location Contains" owner="SeleniumLibrary">
<arg>${URL}/login</arg>
<arg>timeout=2s</arg>
<doc>Waits until the current URL contains ``expected``.</doc>
<status status="PASS" start="2026-03-17T22:40:16.667763" elapsed="0.005591"/>
</kw>
<kw name="Wait Until Element Is Visible" owner="SeleniumLibrary">
<arg>id=identifier</arg>
<arg>timeout=2s</arg>
<doc>Waits until the element ``locator`` is visible.</doc>
<status status="PASS" start="2026-03-17T22:40:16.673545" elapsed="0.015945"/>
</kw>
<kw name="Element Text Should Be" owner="SeleniumLibrary">
<msg time="2026-03-17T22:40:16.689877" level="INFO">Verifying element 'xpath=//main//h1' contains exact text 'เข้าสู่ระบบ'.</msg>
<arg>xpath=//main//h1</arg>
<arg>เข้าสู่ระบบ</arg>
<doc>Verifies that element ``locator`` contains exact the text ``expected``.</doc>
<status status="PASS" start="2026-03-17T22:40:16.689674" elapsed="0.017152"/>
</kw>
<status status="PASS" start="2026-03-17T22:40:16.667523" elapsed="0.039417"/>
</kw>
<doc>เปิดหน้าเข้าสู่ระบบ</doc>
<status status="PASS" start="2026-03-17T22:40:14.586194" elapsed="2.120791"/>
</kw>
<kw name="Login" owner="common-resource">
<kw name="Input Text" owner="SeleniumLibrary">
<msg time="2026-03-17T22:40:16.707829" level="INFO">Typing text 'AdminNokia' into text field 'id=identifier'.</msg>
<arg>id=identifier</arg>
<arg>${username}</arg>
<doc>Types the given ``text`` into the text field identified by ``locator``.</doc>
<status status="PASS" start="2026-03-17T22:40:16.707656" elapsed="0.068907"/>
</kw>
<kw name="Input Text" owner="SeleniumLibrary">
<msg time="2026-03-17T22:40:16.777419" level="INFO">Typing text 'adminnokia007xRovxMLBB' into text field 'id=password'.</msg>
<arg>id=password</arg>
<arg>${password}</arg>
<doc>Types the given ``text`` into the text field identified by ``locator``.</doc>
<status status="PASS" start="2026-03-17T22:40:16.776980" elapsed="0.050751"/>
</kw>
<kw name="Click Login Button" owner="common-resource">
<kw name="Click Button" owner="SeleniumLibrary">
<msg time="2026-03-17T22:40:16.828317" level="INFO">Clicking button 'เข้าสู่ระบบ'.</msg>
<arg>เข้าสู่ระบบ</arg>
<doc>Clicks the button identified by ``locator``.</doc>
<status status="PASS" start="2026-03-17T22:40:16.828164" elapsed="0.050199"/>
</kw>
<status status="PASS" start="2026-03-17T22:40:16.827939" elapsed="0.050536"/>
</kw>
<kw name="Sleep" owner="BuiltIn">
<msg time="2026-03-17T22:40:18.879433" level="INFO">Slept 2 seconds.</msg>
<arg>2s</arg>
<doc>Pauses the test executed for the given time.</doc>
<status status="PASS" start="2026-03-17T22:40:16.878598" elapsed="2.000955"/>
</kw>
<arg>${ADMIN_USERNAME}</arg>
<arg>${ADMIN_PASSWORD}</arg>
<doc>ลงทะเบียนผู้ใช้</doc>
<status status="PASS" start="2026-03-17T22:40:16.707351" elapsed="2.172302"/>
</kw>
<kw name="Admin Go To Log Page" owner="common-resource">
<kw name="Admin Click Dashboard" owner="common-resource">
<kw name="Hold Profile list" owner="common-resource">
<kw name="Scroll Element Into View" owner="SeleniumLibrary">
<arg>xpath=//div[contains(@class,"cursor-pointer")]</arg>
<doc>Scrolls the element identified by ``locator`` into view.</doc>
<status status="PASS" start="2026-03-17T22:40:18.880640" elapsed="0.267577"/>
</kw>
<status status="PASS" start="2026-03-17T22:40:18.880493" elapsed="0.267829"/>
</kw>
<kw name="Click Element" owner="SeleniumLibrary">
<msg time="2026-03-17T22:40:19.148631" level="INFO">Clicking element 'xpath=//a[@href="/admin/users"]'.</msg>
<arg>xpath=//a[@href="/admin/users"]</arg>
<doc>Click the element identified by ``locator``.</doc>
<status status="PASS" start="2026-03-17T22:40:19.148447" elapsed="0.041305"/>
</kw>
<kw name="Sleep" owner="BuiltIn">
<msg time="2026-03-17T22:40:21.190516" level="INFO">Slept 2 seconds.</msg>
<arg>2s</arg>
<doc>Pauses the test executed for the given time.</doc>
<status status="PASS" start="2026-03-17T22:40:19.189933" elapsed="2.000702"/>
</kw>
<status status="PASS" start="2026-03-17T22:40:18.880353" elapsed="2.310378"/>
</kw>
<kw name="Click Element" owner="SeleniumLibrary">
<msg time="2026-03-17T22:40:21.191048" level="INFO">Clicking element 'xpath=//a[@href="/admin/traffic-log"]'.</msg>
<arg>xpath=//a[@href="/admin/traffic-log"]</arg>
<doc>Click the element identified by ``locator``.</doc>
<status status="PASS" start="2026-03-17T22:40:21.190859" elapsed="0.043632"/>
</kw>
<kw name="Log Page Should Be Open" owner="common-resource">
<kw name="Wait Until Location Contains" owner="SeleniumLibrary">
<arg>${URL}/admin/traffic-log</arg>
<arg>timeout=2s</arg>
<doc>Waits until the current URL contains ``expected``.</doc>
<status status="PASS" start="2026-03-17T22:40:21.235168" elapsed="0.022691"/>
</kw>
<status status="PASS" start="2026-03-17T22:40:21.234878" elapsed="0.023100"/>
</kw>
<doc>เปิดหน้า log</doc>
<status status="PASS" start="2026-03-17T22:40:18.880122" elapsed="2.377903"/>
</kw>
<kw name="Click Download And Verify By Counting" owner="common-resource">
<kw name="Count Items In Directory" owner="OperatingSystem">
<msg time="2026-03-17T22:40:21.258823" level="INFO" html="true">Listing contents of directory '&lt;a href="file://D:\663380022-3_3.2\Software_En\Project\current\PaiNamNaeWebAppSec2_6\test\sprint3\Resource\downloads"&gt;D:\663380022-3_3.2\Software_En\Project\current\PaiNamNaeWebAppSec2_6\test\sprint3\Resource\downloads&lt;/a&gt;'.</msg>
<msg time="2026-03-17T22:40:21.259136" level="INFO">1 item.</msg>
<msg time="2026-03-17T22:40:21.259242" level="INFO">${count_before} = 1</msg>
<var>${count_before}</var>
<arg>${DOWNLOAD_PATH}</arg>
<doc>Returns and logs the number of all items in the given directory.</doc>
<status status="PASS" start="2026-03-17T22:40:21.258690" elapsed="0.000573"/>
</kw>
<kw name="Admin Click Export Log Button" owner="common-resource">
<kw name="Click Button" owner="SeleniumLibrary">
<msg time="2026-03-17T22:40:21.259711" level="INFO">Clicking button 'Export'.</msg>
<arg>Export</arg>
<doc>Clicks the button identified by ``locator``.</doc>
<status status="PASS" start="2026-03-17T22:40:21.259583" elapsed="0.060543"/>
</kw>
<status status="PASS" start="2026-03-17T22:40:21.259405" elapsed="0.060846"/>
</kw>
<kw name="Input Text" owner="SeleniumLibrary">
<msg time="2026-03-17T22:40:21.320612" level="INFO">Typing text 'adminnokia007xRovxMLBB' into text field 'xpath=//input[@type="password"]'.</msg>
<arg>xpath=//input[@type="password"]</arg>
<arg>${password}</arg>
<doc>Types the given ``text`` into the text field identified by ``locator``.</doc>
<status status="PASS" start="2026-03-17T22:40:21.320381" elapsed="0.088847"/>
</kw>
<kw name="Admin Click Confirm" owner="common-resource">
<kw name="Click Button" owner="SeleniumLibrary">
<msg time="2026-03-17T22:40:21.411620" level="INFO">Clicking button 'ยืนยัน'.</msg>
<arg>ยืนยัน</arg>
<doc>Clicks the button identified by ``locator``.</doc>
<status status="PASS" start="2026-03-17T22:40:21.410847" elapsed="0.160039"/>
</kw>
<status status="PASS" start="2026-03-17T22:40:21.409850" elapsed="0.161685"/>
</kw>
<kw name="Wait Until Keyword Succeeds" owner="BuiltIn">
<kw name="Check If File Count Increased" owner="common-resource">
<kw name="Count Items In Directory" owner="OperatingSystem">
<msg time="2026-03-17T22:40:21.573417" level="INFO" html="true">Listing contents of directory '&lt;a href="file://D:\663380022-3_3.2\Software_En\Project\current\PaiNamNaeWebAppSec2_6\test\sprint3\Resource\downloads"&gt;D:\663380022-3_3.2\Software_En\Project\current\PaiNamNaeWebAppSec2_6\test\sprint3\Resource\downloads&lt;/a&gt;'.</msg>
<msg time="2026-03-17T22:40:21.574279" level="INFO">1 item.</msg>
<msg time="2026-03-17T22:40:21.574780" level="INFO">${new_count} = 1</msg>
<var>${new_count}</var>
<arg>${DOWNLOAD_PATH}</arg>
<doc>Returns and logs the number of all items in the given directory.</doc>
<status status="PASS" start="2026-03-17T22:40:21.573231" elapsed="0.001589"/>
</kw>
<kw name="Should Be True" owner="BuiltIn">
<msg time="2026-03-17T22:40:21.576886" level="FAIL">'1 &gt; 1' should be true.</msg>
<arg>${new_count} &gt; ${old_count}</arg>
<doc>Fails if the given condition is not true.</doc>
<status status="FAIL" start="2026-03-17T22:40:21.575423" elapsed="0.002900">'1 &gt; 1' should be true.</status>
</kw>
<arg>${count_before}</arg>
<status status="FAIL" start="2026-03-17T22:40:21.572927" elapsed="0.005858">'1 &gt; 1' should be true.</status>
</kw>
<kw name="Check If File Count Increased" owner="common-resource">
<kw name="Count Items In Directory" owner="OperatingSystem">
<msg time="2026-03-17T22:40:23.579998" level="INFO" html="true">Listing contents of directory '&lt;a href="file://D:\663380022-3_3.2\Software_En\Project\current\PaiNamNaeWebAppSec2_6\test\sprint3\Resource\downloads"&gt;D:\663380022-3_3.2\Software_En\Project\current\PaiNamNaeWebAppSec2_6\test\sprint3\Resource\downloads&lt;/a&gt;'.</msg>
<msg time="2026-03-17T22:40:23.580241" level="INFO">2 items.</msg>
<msg time="2026-03-17T22:40:23.580353" level="INFO">${new_count} = 2</msg>
<var>${new_count}</var>
<arg>${DOWNLOAD_PATH}</arg>
<doc>Returns and logs the number of all items in the given directory.</doc>
<status status="PASS" start="2026-03-17T22:40:23.579858" elapsed="0.000516"/>
</kw>
<kw name="Should Be True" owner="BuiltIn">
<arg>${new_count} &gt; ${old_count}</arg>
<doc>Fails if the given condition is not true.</doc>
<status status="PASS" start="2026-03-17T22:40:23.580510" elapsed="0.000442"/>
</kw>
<arg>${count_before}</arg>
<status status="PASS" start="2026-03-17T22:40:23.579514" elapsed="0.001602"/>
</kw>
<arg>20s</arg>
<arg>2s</arg>
<arg>Check If File Count Increased</arg>
<arg>${count_before}</arg>
<doc>Runs the specified keyword and retries if it fails.</doc>
<status status="PASS" start="2026-03-17T22:40:21.571988" elapsed="2.009195"/>
</kw>
<arg>${ADMIN_PASSWORD}</arg>
<status status="PASS" start="2026-03-17T22:40:21.258368" elapsed="2.322901"/>
</kw>
<kw name="Close All Browsers" owner="SeleniumLibrary" type="TEARDOWN">
<doc>Closes all open browsers and resets the browser cache.</doc>
<status status="PASS" start="2026-03-17T22:40:23.581717" elapsed="2.227580"/>
</kw>
<status status="PASS" start="2026-03-17T22:40:12.067285" elapsed="13.742333"/>
</test>
<status status="PASS" start="2026-03-17T22:37:49.617717" elapsed="156.193010"/>
</suite>
<statistics>
<total>
<stat pass="9" fail="0" skip="0">All Tests</stat>
</total>
<tag>
</tag>
<suite>
<stat name="Log UAT" id="s1" pass="9" fail="0" skip="0">Log UAT</stat>
</suite>
</statistics>
<errors>
</errors>
</robot>
